2026-03-09 18:26:08,139  INFO      Loading BMU classification...
2026-03-09 18:26:08,152  INFO      Loaded 1056 BMUs
2026-03-09 18:26:08,152  INFO      Building unit lookup tables...
2026-03-09 18:26:08,391  INFO      Classified 1056 units
2026-03-09 18:26:08,393  INFO      ======================================================================
2026-03-09 18:26:08,396  INFO      Rerunning IV clearing ONLY: 2024-01-01 → 2024-12-31  (366 days)
2026-03-09 18:26:08,396  INFO      Excluded BMUs: ['DRAXX-5', 'DRAXX-6']
2026-03-09 18:26:08,396  INFO      ======================================================================
2026-03-09 18:26:10,192  INFO      [1/366]  2024-01-01  OK  (163 actions, 9326 MWh, 0:00:01.796435)
2026-03-09 18:26:12,177  INFO      [2/366]  2024-01-02  OK  (331 actions, 18388 MWh, 0:00:01.985314)
2026-03-09 18:26:13,168  INFO      [3/366]  2024-01-03  OK  (27 actions, 743 MWh, 0:00:00.990971)
2026-03-09 18:26:14,612  INFO      [4/366]  2024-01-04  OK  (143 actions, 16571 MWh, 0:00:01.442389)
2026-03-09 18:26:15,533  INFO      [5/366]  2024-01-05  OK  (0 actions, 0 MWh, 0:00:00.921353)
2026-03-09 18:26:16,720  INFO      [6/366]  2024-01-06  OK  (110 actions, 5365 MWh, 0:00:01.186563)
2026-03-09 18:26:18,817  INFO      [7/366]  2024-01-07  OK  (297 actions, 24490 MWh, 0:00:02.091612)
2026-03-09 18:26:19,836  INFO      [8/366]  2024-01-08  OK  (8 actions, 157 MWh, 0:00:01.018987)
2026-03-09 18:26:20,747  INFO      [9/366]  2024-01-09  OK  (51 actions, 4595 MWh, 0:00:00.910276)
2026-03-09 18:26:22,036  INFO      [10/366]  2024-01-10  OK  (124 actions, 6262 MWh, 0:00:01.289109)
2026-03-09 18:26:23,171  INFO      [11/366]  2024-01-11  OK  (66 actions, 1013 MWh, 0:00:01.132580)
2026-03-09 18:26:24,622  INFO      [12/366]  2024-01-12  OK  (210 actions, 10813 MWh, 0:00:01.451363)
2026-03-09 18:26:27,801  INFO      [13/366]  2024-01-13  OK  (683 actions, 59563 MWh, 0:00:03.178306)
2026-03-09 18:26:28,956  INFO      [14/366]  2024-01-14  OK  (93 actions, 8213 MWh, 0:00:01.155530)
2026-03-09 18:26:30,459  INFO      [15/366]  2024-01-15  OK  (173 actions, 15503 MWh, 0:00:01.500935)
2026-03-09 18:26:31,311  INFO      [16/366]  2024-01-16  OK  (19 actions, 1129 MWh, 0:00:00.851898)
2026-03-09 18:26:32,534  INFO      [17/366]  2024-01-17  OK  (57 actions, 3966 MWh, 0:00:01.223456)
2026-03-09 18:26:35,317  INFO      [18/366]  2024-01-18  OK  (357 actions, 41237 MWh, 0:00:02.782956)
2026-03-09 18:26:38,240  INFO      [19/366]  2024-01-19  OK  (677 actions, 75539 MWh, 0:00:02.921216)
2026-03-09 18:26:41,547  INFO      [20/366]  2024-01-20  OK  (790 actions, 102577 MWh, 0:00:03.307088)
2026-03-09 18:26:44,532  INFO      [21/366]  2024-01-21  OK  (664 actions, 81729 MWh, 0:00:02.984756)
2026-03-09 18:26:46,962  INFO      [22/366]  2024-01-22  OK  (462 actions, 84390 MWh, 0:00:02.429974)
2026-03-09 18:26:49,904  INFO      [23/366]  2024-01-23  OK  (419 actions, 77197 MWh, 0:00:02.940564)
2026-03-09 18:26:52,492  INFO      [24/366]  2024-01-24  OK  (497 actions, 68329 MWh, 0:00:02.587515)
2026-03-09 18:26:55,114  INFO      [25/366]  2024-01-25  OK  (415 actions, 50875 MWh, 0:00:02.621691)
2026-03-09 18:26:58,535  INFO      [26/366]  2024-01-26  OK  (840 actions, 115881 MWh, 0:00:03.420121)
2026-03-09 18:27:03,324  INFO      [27/366]  2024-01-27  OK  (1101 actions, 142131 MWh, 0:00:04.788320)
2026-03-09 18:27:07,930  INFO      [28/366]  2024-01-28  OK  (1279 actions, 127327 MWh, 0:00:04.606139)
2026-03-09 18:27:09,420  INFO      [29/366]  2024-01-29  OK  (84 actions, 1630 MWh, 0:00:01.489224)
2026-03-09 18:27:11,289  INFO      [30/366]  2024-01-30  OK  (178 actions, 22272 MWh, 0:00:01.868406)
2026-03-09 18:27:15,887  INFO      [31/366]  2024-01-31  OK  (1036 actions, 125099 MWh, 0:00:04.598257)
2026-03-09 18:27:18,128  INFO      [32/366]  2024-02-01  OK  (247 actions, 21513 MWh, 0:00:02.237816)
2026-03-09 18:27:23,302  INFO      [33/366]  2024-02-02  OK  (1278 actions, 127419 MWh, 0:00:05.173579)
2026-03-09 18:27:27,823  INFO      [34/366]  2024-02-03  OK  (1358 actions, 161994 MWh, 0:00:04.519452)
2026-03-09 18:27:31,857  INFO      [35/366]  2024-02-04  OK  (1038 actions, 105362 MWh, 0:00:04.033726)
2026-03-09 18:27:34,697  INFO      [36/366]  2024-02-05  OK  (524 actions, 52517 MWh, 0:00:02.840117)
2026-03-09 18:27:37,151  INFO      [37/366]  2024-02-06  OK  (537 actions, 72945 MWh, 0:00:02.446014)
2026-03-09 18:27:38,396  INFO      [38/366]  2024-02-07  OK  (81 actions, 10337 MWh, 0:00:01.245458)
2026-03-09 18:27:39,642  INFO      [39/366]  2024-02-08  OK  (127 actions, 12572 MWh, 0:00:01.245790)
2026-03-09 18:27:42,617  INFO      [40/366]  2024-02-09  OK  (623 actions, 94000 MWh, 0:00:02.974620)
2026-03-09 18:27:44,585  INFO      [41/366]  2024-02-10  OK  (254 actions, 27895 MWh, 0:00:01.966320)
2026-03-09 18:27:45,989  INFO      [42/366]  2024-02-11  OK  (107 actions, 6491 MWh, 0:00:01.404078)
2026-03-09 18:27:47,466  INFO      [43/366]  2024-02-12  OK  (129 actions, 17901 MWh, 0:00:01.477089)
2026-03-09 18:27:49,177  INFO      [44/366]  2024-02-13  OK  (223 actions, 29284 MWh, 0:00:01.710930)
2026-03-09 18:27:50,495  INFO      [45/366]  2024-02-14  OK  (162 actions, 9985 MWh, 0:00:01.316421)
2026-03-09 18:27:51,562  INFO      [46/366]  2024-02-15  OK  (64 actions, 3146 MWh, 0:00:01.067434)
2026-03-09 18:27:53,232  INFO      [47/366]  2024-02-16  OK  (230 actions, 24471 MWh, 0:00:01.669801)
2026-03-09 18:27:54,927  INFO      [48/366]  2024-02-17  OK  (195 actions, 17535 MWh, 0:00:01.694209)
2026-03-09 18:27:56,330  INFO      [49/366]  2024-02-18  OK  (168 actions, 12454 MWh, 0:00:01.403736)
2026-03-09 18:27:58,349  INFO      [50/366]  2024-02-19  OK  (337 actions, 31243 MWh, 0:00:02.017395)
2026-03-09 18:28:01,499  INFO      [51/366]  2024-02-20  OK  (662 actions, 89673 MWh, 0:00:03.148371)
2026-03-09 18:28:04,354  INFO      [52/366]  2024-02-21  OK  (683 actions, 72380 MWh, 0:00:02.853091)
2026-03-09 18:28:05,975  INFO      [53/366]  2024-02-22  OK  (267 actions, 30642 MWh, 0:00:01.620627)
2026-03-09 18:28:06,972  INFO      [54/366]  2024-02-23  OK  (154 actions, 8450 MWh, 0:00:00.988648)
2026-03-09 18:28:08,501  INFO      [55/366]  2024-02-24  OK  (258 actions, 29093 MWh, 0:00:01.528937)
2026-03-09 18:28:10,007  INFO      [56/366]  2024-02-25  OK  (184 actions, 20328 MWh, 0:00:01.506375)
2026-03-09 18:28:12,271  INFO      [57/366]  2024-02-26  OK  (306 actions, 55862 MWh, 0:00:02.262290)
2026-03-09 18:28:14,807  INFO      [58/366]  2024-02-27  OK  (526 actions, 95989 MWh, 0:00:02.535436)
2026-03-09 18:28:17,719  INFO      [59/366]  2024-02-28  OK  (558 actions, 107508 MWh, 0:00:02.912378)
2026-03-09 18:28:20,676  INFO      [60/366]  2024-02-29  OK  (624 actions, 104900 MWh, 0:00:02.956437)
2026-03-09 18:28:21,891  INFO      [61/366]  2024-03-01  OK  (50 actions, 3552 MWh, 0:00:01.212150)
2026-03-09 18:28:22,854  INFO      [62/366]  2024-03-02  OK  (51 actions, 4414 MWh, 0:00:00.963070)
2026-03-09 18:28:24,552  INFO      [63/366]  2024-03-03  OK  (204 actions, 28504 MWh, 0:00:01.697925)
2026-03-09 18:28:26,994  INFO      [64/366]  2024-03-04  OK  (384 actions, 53277 MWh, 0:00:02.439793)
2026-03-09 18:28:29,401  INFO      [65/366]  2024-03-05  OK  (419 actions, 76542 MWh, 0:00:02.406570)
2026-03-09 18:28:30,726  INFO      [66/366]  2024-03-06  OK  (117 actions, 13356 MWh, 0:00:01.323605)
2026-03-09 18:28:33,618  INFO      [67/366]  2024-03-07  OK  (531 actions, 58130 MWh, 0:00:02.892693)
2026-03-09 18:28:36,112  INFO      [68/366]  2024-03-08  OK  (460 actions, 59182 MWh, 0:00:02.491752)
2026-03-09 18:28:40,859  INFO      [69/366]  2024-03-09  OK  (640 actions, 57701 MWh, 0:00:04.747072)
2026-03-09 18:28:46,017  INFO      [70/366]  2024-03-10  OK  (928 actions, 104588 MWh, 0:00:05.158427)
2026-03-09 18:28:47,180  INFO      [71/366]  2024-03-11  OK  (233 actions, 12160 MWh, 0:00:01.160413)
2026-03-09 18:28:49,974  INFO      [72/366]  2024-03-12  OK  (301 actions, 24706 MWh, 0:00:02.791026)
2026-03-09 18:28:55,158  INFO      [73/366]  2024-03-13  OK  (982 actions, 131562 MWh, 0:00:05.182529)
2026-03-09 18:28:57,659  INFO      [74/366]  2024-03-14  OK  (447 actions, 33375 MWh, 0:00:02.493571)
2026-03-09 18:29:01,185  INFO      [75/366]  2024-03-15  OK  (634 actions, 44446 MWh, 0:00:03.525113)
2026-03-09 18:29:04,481  INFO      [76/366]  2024-03-16  OK  (685 actions, 58149 MWh, 0:00:03.294097)
2026-03-09 18:29:07,377  INFO      [77/366]  2024-03-17  OK  (528 actions, 28188 MWh, 0:00:02.896445)
2026-03-09 18:29:10,028  INFO      [78/366]  2024-03-18  OK  (547 actions, 67263 MWh, 0:00:02.650309)
2026-03-09 18:29:14,268  INFO      [79/366]  2024-03-19  OK  (980 actions, 91988 MWh, 0:00:04.238613)
2026-03-09 18:29:17,868  INFO      [80/366]  2024-03-20  OK  (633 actions, 42440 MWh, 0:00:03.599484)
2026-03-09 18:29:22,744  INFO      [81/366]  2024-03-21  OK  (957 actions, 149891 MWh, 0:00:04.876123)
2026-03-09 18:29:29,690  INFO      [82/366]  2024-03-22  OK  (1795 actions, 165819 MWh, 0:00:06.944470)
2026-03-09 18:29:35,569  INFO      [83/366]  2024-03-23  OK  (1553 actions, 116309 MWh, 0:00:05.877211)
2026-03-09 18:29:37,467  INFO      [84/366]  2024-03-24  OK  (483 actions, 33070 MWh, 0:00:01.895177)
2026-03-09 18:29:38,487  INFO      [85/366]  2024-03-25  OK  (122 actions, 10323 MWh, 0:00:01.019680)
2026-03-09 18:29:39,565  INFO      [86/366]  2024-03-26  OK  (182 actions, 18821 MWh, 0:00:01.078702)
2026-03-09 18:29:41,109  INFO      [87/366]  2024-03-27  OK  (373 actions, 32191 MWh, 0:00:01.538929)
2026-03-09 18:29:42,972  INFO      [88/366]  2024-03-28  OK  (369 actions, 39307 MWh, 0:00:01.860773)
2026-03-09 18:29:44,385  INFO      [89/366]  2024-03-29  OK  (260 actions, 11645 MWh, 0:00:01.412895)
2026-03-09 18:29:45,254  INFO      [90/366]  2024-03-30  OK  (68 actions, 3062 MWh, 0:00:00.868102)
2026-03-09 18:29:46,274  INFO      [91/366]  2024-03-31  OK  (171 actions, 9395 MWh, 0:00:01.019758)
2026-03-09 18:29:47,092  INFO      [92/366]  2024-04-01  OK  (64 actions, 5062 MWh, 0:00:00.815777)
2026-03-09 18:29:48,114  INFO      [93/366]  2024-04-02  OK  (109 actions, 9887 MWh, 0:00:01.022282)
2026-03-09 18:29:49,762  INFO      [94/366]  2024-04-03  OK  (345 actions, 40507 MWh, 0:00:01.646389)
2026-03-09 18:29:50,455  INFO      [95/366]  2024-04-04  OK  (28 actions, 1090 MWh, 0:00:00.692411)
2026-03-09 18:29:52,186  INFO      [96/366]  2024-04-05  OK  (472 actions, 23198 MWh, 0:00:01.731229)
2026-03-09 18:29:56,051  INFO      [97/366]  2024-04-06  OK  (1375 actions, 97302 MWh, 0:00:03.865439)
2026-03-09 18:29:59,876  INFO      [98/366]  2024-04-07  OK  (1368 actions, 101623 MWh, 0:00:03.824620)
2026-03-09 18:30:01,808  INFO      [99/366]  2024-04-08  OK  (556 actions, 60919 MWh, 0:00:01.932152)
2026-03-09 18:30:04,118  INFO      [100/366]  2024-04-09  OK  (746 actions, 53823 MWh, 0:00:02.304733)
2026-03-09 18:30:05,902  INFO      [101/366]  2024-04-10  OK  (474 actions, 42180 MWh, 0:00:01.783974)
2026-03-09 18:30:09,198  INFO      [102/366]  2024-04-11  OK  (1119 actions, 93566 MWh, 0:00:03.292991)
2026-03-09 18:30:12,847  INFO      [103/366]  2024-04-12  OK  (1347 actions, 105234 MWh, 0:00:03.649337)
2026-03-09 18:30:17,051  INFO      [104/366]  2024-04-13  OK  (1579 actions, 131989 MWh, 0:00:04.201444)
2026-03-09 18:30:20,764  INFO      [105/366]  2024-04-14  OK  (1359 actions, 118093 MWh, 0:00:03.705650)
2026-03-09 18:30:23,941  INFO      [106/366]  2024-04-15  OK  (1175 actions, 89065 MWh, 0:00:03.175521)
2026-03-09 18:30:26,389  INFO      [107/366]  2024-04-16  OK  (728 actions, 72586 MWh, 0:00:02.447597)
2026-03-09 18:30:27,639  INFO      [108/366]  2024-04-17  OK  (242 actions, 35009 MWh, 0:00:01.250549)
2026-03-09 18:30:29,278  INFO      [109/366]  2024-04-18  OK  (420 actions, 56089 MWh, 0:00:01.636453)
2026-03-09 18:30:32,550  INFO      [110/366]  2024-04-19  OK  (1072 actions, 87747 MWh, 0:00:03.272163)
2026-03-09 18:30:33,519  INFO      [111/366]  2024-04-20  OK  (128 actions, 5092 MWh, 0:00:00.966994)
2026-03-09 18:30:35,600  INFO      [112/366]  2024-04-21  OK  (526 actions, 24103 MWh, 0:00:02.080892)
2026-03-09 18:30:37,509  INFO      [113/366]  2024-04-22  OK  (225 actions, 25132 MWh, 0:00:01.909961)
2026-03-09 18:30:38,602  INFO      [114/366]  2024-04-23  OK  (124 actions, 13751 MWh, 0:00:01.088610)
2026-03-09 18:30:39,523  INFO      [115/366]  2024-04-24  OK  (80 actions, 6815 MWh, 0:00:00.920703)
2026-03-09 18:30:40,627  INFO      [116/366]  2024-04-25  OK  (142 actions, 12644 MWh, 0:00:01.094337)
2026-03-09 18:30:41,303  INFO      [117/366]  2024-04-26  OK  (2 actions, 50 MWh, 0:00:00.675299)
2026-03-09 18:30:42,241  INFO      [118/366]  2024-04-27  OK  (2 actions, 15 MWh, 0:00:00.937736)
2026-03-09 18:30:44,290  INFO      [119/366]  2024-04-28  OK  (551 actions, 45816 MWh, 0:00:02.049254)
2026-03-09 18:30:47,321  INFO      [120/366]  2024-04-29  OK  (986 actions, 108694 MWh, 0:00:03.028044)
2026-03-09 18:30:50,235  INFO      [121/366]  2024-04-30  OK  (966 actions, 91957 MWh, 0:00:02.913672)
2026-03-09 18:30:51,028  INFO      [122/366]  2024-05-01  OK  (77 actions, 4912 MWh, 0:00:00.793361)
2026-03-09 18:30:52,484  INFO      [123/366]  2024-05-02  OK  (290 actions, 27558 MWh, 0:00:01.455576)
2026-03-09 18:30:53,360  INFO      [124/366]  2024-05-03  OK  (53 actions, 3300 MWh, 0:00:00.876239)
2026-03-09 18:30:54,233  INFO      [125/366]  2024-05-04  OK  (67 actions, 3161 MWh, 0:00:00.873480)
2026-03-09 18:30:55,712  INFO      [126/366]  2024-05-05  OK  (328 actions, 17660 MWh, 0:00:01.478239)
2026-03-09 18:30:56,501  INFO      [127/366]  2024-05-06  OK  (13 actions, 211 MWh, 0:00:00.789089)
2026-03-09 18:30:58,080  INFO      [128/366]  2024-05-07  OK  (278 actions, 24417 MWh, 0:00:01.578960)
2026-03-09 18:30:59,034  INFO      [129/366]  2024-05-08  OK  (106 actions, 15973 MWh, 0:00:00.953620)
2026-03-09 18:31:00,020  INFO      [130/366]  2024-05-09  OK  (141 actions, 23785 MWh, 0:00:00.985522)
2026-03-09 18:31:00,665  INFO      [131/366]  2024-05-10  OK  (2 actions, 18 MWh, 0:00:00.644642)
2026-03-09 18:31:01,682  INFO      [132/366]  2024-05-11  OK  (137 actions, 17198 MWh, 0:00:01.016538)
2026-03-09 18:31:03,992  INFO      [133/366]  2024-05-12  OK  (628 actions, 48179 MWh, 0:00:02.310205)
2026-03-09 18:31:04,917  INFO      [134/366]  2024-05-13  OK  (104 actions, 15350 MWh, 0:00:00.920653)
2026-03-09 18:31:05,826  INFO      [135/366]  2024-05-14  OK  (89 actions, 8668 MWh, 0:00:00.908637)
2026-03-09 18:31:06,507  INFO      [136/366]  2024-05-15  OK  (6 actions, 147 MWh, 0:00:00.663967)
2026-03-09 18:31:07,142  INFO      [137/366]  2024-05-16  OK  (8 actions, 92 MWh, 0:00:00.634358)
2026-03-09 18:31:07,800  INFO      [138/366]  2024-05-17  OK  (10 actions, 90 MWh, 0:00:00.654731)
2026-03-09 18:31:08,663  INFO      [139/366]  2024-05-18  OK  (69 actions, 147 MWh, 0:00:00.863235)
2026-03-09 18:31:09,896  INFO      [140/366]  2024-05-19  OK  (174 actions, 11707 MWh, 0:00:01.228544)
2026-03-09 18:31:10,737  INFO      [141/366]  2024-05-20  OK  (0 actions, 0 MWh, 0:00:00.841222)
2026-03-09 18:31:11,452  INFO      [142/366]  2024-05-21  OK  (5 actions, 54 MWh, 0:00:00.712498)
2026-03-09 18:31:13,910  INFO      [143/366]  2024-05-22  OK  (810 actions, 60982 MWh, 0:00:02.458132)
2026-03-09 18:31:15,944  INFO      [144/366]  2024-05-23  OK  (496 actions, 28237 MWh, 0:00:02.033982)
2026-03-09 18:31:16,568  INFO      [145/366]  2024-05-24  OK  (0 actions, 0 MWh, 0:00:00.623295)
2026-03-09 18:31:17,222  INFO      [146/366]  2024-05-25  OK  (9 actions, 244 MWh, 0:00:00.654050)
2026-03-09 18:31:17,971  INFO      [147/366]  2024-05-26  OK  (58 actions, 4831 MWh, 0:00:00.749160)
2026-03-09 18:31:18,661  INFO      [148/366]  2024-05-27  OK  (21 actions, 662 MWh, 0:00:00.687628)
2026-03-09 18:31:19,760  INFO      [149/366]  2024-05-28  OK  (155 actions, 10683 MWh, 0:00:01.094120)
2026-03-09 18:31:20,586  INFO      [150/366]  2024-05-29  OK  (90 actions, 6400 MWh, 0:00:00.825332)
2026-03-09 18:31:22,671  INFO      [151/366]  2024-05-30  OK  (496 actions, 46169 MWh, 0:00:02.085131)
2026-03-09 18:31:23,507  INFO      [152/366]  2024-05-31  OK  (65 actions, 2898 MWh, 0:00:00.831824)
2026-03-09 18:31:24,294  INFO      [153/366]  2024-06-01  OK  (41 actions, 935 MWh, 0:00:00.786838)
2026-03-09 18:31:25,561  INFO      [154/366]  2024-06-02  OK  (280 actions, 27853 MWh, 0:00:01.267381)
2026-03-09 18:31:27,623  INFO      [155/366]  2024-06-03  OK  (439 actions, 65496 MWh, 0:00:02.053375)
2026-03-09 18:31:29,963  INFO      [156/366]  2024-06-04  OK  (737 actions, 129480 MWh, 0:00:02.340136)
2026-03-09 18:31:33,699  INFO      [157/366]  2024-06-05  OK  (552 actions, 63771 MWh, 0:00:03.730324)
2026-03-09 18:31:35,672  INFO      [158/366]  2024-06-06  OK  (114 actions, 15140 MWh, 0:00:01.966493)
2026-03-09 18:31:40,004  INFO      [159/366]  2024-06-07  OK  (711 actions, 67789 MWh, 0:00:04.331472)
2026-03-09 18:31:47,085  INFO      [160/366]  2024-06-08  OK  (1407 actions, 140644 MWh, 0:00:07.081381)
2026-03-09 18:31:51,609  INFO      [161/366]  2024-06-09  OK  (716 actions, 46103 MWh, 0:00:04.524020)
2026-03-09 18:31:56,254  INFO      [162/366]  2024-06-10  OK  (771 actions, 73067 MWh, 0:00:04.644827)
2026-03-09 18:31:59,180  INFO      [163/366]  2024-06-11  OK  (376 actions, 47382 MWh, 0:00:02.925590)
2026-03-09 18:32:03,370  INFO      [164/366]  2024-06-12  OK  (624 actions, 45464 MWh, 0:00:04.190919)
2026-03-09 18:32:05,129  INFO      [165/366]  2024-06-13  OK  (138 actions, 27508 MWh, 0:00:01.758149)
2026-03-09 18:32:07,710  INFO      [166/366]  2024-06-14  OK  (269 actions, 32792 MWh, 0:00:02.579585)
2026-03-09 18:32:11,581  INFO      [167/366]  2024-06-15  OK  (583 actions, 42208 MWh, 0:00:03.870422)
2026-03-09 18:32:14,139  INFO      [168/366]  2024-06-16  OK  (297 actions, 19750 MWh, 0:00:02.557990)
2026-03-09 18:32:15,374  INFO      [169/366]  2024-06-17  OK  (31 actions, 1331 MWh, 0:00:01.235720)
2026-03-09 18:32:16,936  INFO      [170/366]  2024-06-18  OK  (45 actions, 2522 MWh, 0:00:01.561384)
2026-03-09 18:32:19,487  INFO      [171/366]  2024-06-19  OK  (270 actions, 27831 MWh, 0:00:02.548004)
2026-03-09 18:32:21,489  INFO      [172/366]  2024-06-20  OK  (149 actions, 11214 MWh, 0:00:01.999265)
2026-03-09 18:32:23,329  INFO      [173/366]  2024-06-21  OK  (109 actions, 9463 MWh, 0:00:01.836922)
2026-03-09 18:32:24,969  INFO      [174/366]  2024-06-22  OK  (105 actions, 17349 MWh, 0:00:01.640042)
2026-03-09 18:32:26,726  INFO      [175/366]  2024-06-23  OK  (122 actions, 9947 MWh, 0:00:01.757123)
2026-03-09 18:32:28,558  INFO      [176/366]  2024-06-24  OK  (115 actions, 5135 MWh, 0:00:01.829855)
2026-03-09 18:32:29,773  INFO      [177/366]  2024-06-25  OK  (19 actions, 608 MWh, 0:00:01.215135)
2026-03-09 18:32:31,717  INFO      [178/366]  2024-06-26  OK  (118 actions, 18817 MWh, 0:00:01.943713)
2026-03-09 18:32:37,737  INFO      [179/366]  2024-06-27  OK  (1024 actions, 138119 MWh, 0:00:06.020334)
2026-03-09 18:32:45,400  INFO      [180/366]  2024-06-28  OK  (1493 actions, 169278 MWh, 0:00:07.662548)
2026-03-09 18:32:49,213  INFO      [181/366]  2024-06-29  OK  (507 actions, 65468 MWh, 0:00:03.809613)
2026-03-09 18:32:50,573  INFO      [182/366]  2024-06-30  OK  (35 actions, 1571 MWh, 0:00:01.359473)
2026-03-09 18:32:52,601  INFO      [183/366]  2024-07-01  OK  (186 actions, 21589 MWh, 0:00:02.024932)
2026-03-09 18:32:54,697  INFO      [184/366]  2024-07-02  OK  (174 actions, 9851 MWh, 0:00:02.096122)
2026-03-09 18:33:00,484  INFO      [185/366]  2024-07-03  OK  (998 actions, 75836 MWh, 0:00:05.778796)
2026-03-09 18:33:08,265  INFO      [186/366]  2024-07-04  OK  (1496 actions, 124448 MWh, 0:00:07.770245)
2026-03-09 18:33:14,030  INFO      [187/366]  2024-07-05  OK  (1078 actions, 88142 MWh, 0:00:05.764541)
2026-03-09 18:33:16,044  INFO      [188/366]  2024-07-06  OK  (181 actions, 6556 MWh, 0:00:02.014350)
2026-03-09 18:33:17,549  INFO      [189/366]  2024-07-07  OK  (52 actions, 2065 MWh, 0:00:01.505377)
2026-03-09 18:33:18,741  INFO      [190/366]  2024-07-08  OK  (13 actions, 492 MWh, 0:00:01.191928)
2026-03-09 18:33:20,316  INFO      [191/366]  2024-07-09  OK  (89 actions, 8392 MWh, 0:00:01.572675)
2026-03-09 18:33:23,293  INFO      [192/366]  2024-07-10  OK  (348 actions, 61511 MWh, 0:00:02.977357)
2026-03-09 18:33:26,061  INFO      [193/366]  2024-07-11  OK  (351 actions, 52333 MWh, 0:00:02.767453)
2026-03-09 18:33:27,290  INFO      [194/366]  2024-07-12  OK  (0 actions, 0 MWh, 0:00:01.229063)
2026-03-09 18:33:28,988  INFO      [195/366]  2024-07-13  OK  (98 actions, 8471 MWh, 0:00:01.693899)
2026-03-09 18:33:31,739  INFO      [196/366]  2024-07-14  OK  (331 actions, 30827 MWh, 0:00:02.751383)
2026-03-09 18:33:33,413  INFO      [197/366]  2024-07-15  OK  (93 actions, 5561 MWh, 0:00:01.668909)
2026-03-09 18:33:34,555  INFO      [198/366]  2024-07-16  OK  (12 actions, 421 MWh, 0:00:01.138929)
2026-03-09 18:33:35,988  INFO      [199/366]  2024-07-17  OK  (57 actions, 5178 MWh, 0:00:01.433074)
2026-03-09 18:33:38,992  INFO      [200/366]  2024-07-18  OK  (339 actions, 36118 MWh, 0:00:03.004782)
2026-03-09 18:33:41,477  INFO      [201/366]  2024-07-19  OK  (263 actions, 31140 MWh, 0:00:02.484726)
2026-03-09 18:33:43,171  INFO      [202/366]  2024-07-20  OK  (87 actions, 5509 MWh, 0:00:01.693821)
2026-03-09 18:33:45,511  INFO      [203/366]  2024-07-21  OK  (214 actions, 13825 MWh, 0:00:02.338538)
2026-03-09 18:33:46,800  INFO      [204/366]  2024-07-22  OK  (30 actions, 379 MWh, 0:00:01.288334)
2026-03-09 18:33:48,008  INFO      [205/366]  2024-07-23  OK  (18 actions, 425 MWh, 0:00:01.205614)
2026-03-09 18:33:50,296  INFO      [206/366]  2024-07-24  OK  (153 actions, 20670 MWh, 0:00:02.288347)
2026-03-09 18:33:52,122  INFO      [207/366]  2024-07-25  OK  (114 actions, 8110 MWh, 0:00:01.826019)
2026-03-09 18:33:53,451  INFO      [208/366]  2024-07-26  OK  (41 actions, 2451 MWh, 0:00:01.329080)
2026-03-09 18:33:54,594  INFO      [209/366]  2024-07-27  OK  (6 actions, 210 MWh, 0:00:01.138729)
2026-03-09 18:33:56,026  INFO      [210/366]  2024-07-28  OK  (29 actions, 2999 MWh, 0:00:01.432432)
2026-03-09 18:33:57,534  INFO      [211/366]  2024-07-29  OK  (75 actions, 7062 MWh, 0:00:01.507669)
2026-03-09 18:33:59,518  INFO      [212/366]  2024-07-30  OK  (168 actions, 24753 MWh, 0:00:01.983746)
2026-03-09 18:34:01,197  INFO      [213/366]  2024-07-31  OK  (60 actions, 2024 MWh, 0:00:01.679412)
2026-03-09 18:34:02,588  INFO      [214/366]  2024-08-01  OK  (50 actions, 4414 MWh, 0:00:01.390745)
2026-03-09 18:34:04,890  INFO      [215/366]  2024-08-02  OK  (227 actions, 36910 MWh, 0:00:02.301960)
2026-03-09 18:34:06,310  INFO      [216/366]  2024-08-03  OK  (18 actions, 949 MWh, 0:00:01.418587)
2026-03-09 18:34:10,377  INFO      [217/366]  2024-08-04  OK  (697 actions, 49643 MWh, 0:00:04.066391)
2026-03-09 18:34:16,003  INFO      [218/366]  2024-08-05  OK  (1023 actions, 64716 MWh, 0:00:05.626629)
2026-03-09 18:34:18,109  INFO      [219/366]  2024-08-06  OK  (178 actions, 19635 MWh, 0:00:02.105367)
2026-03-09 18:34:24,132  INFO      [220/366]  2024-08-07  OK  (1140 actions, 139379 MWh, 0:00:06.017375)
2026-03-09 18:34:27,538  INFO      [221/366]  2024-08-08  OK  (452 actions, 52852 MWh, 0:00:03.405151)
2026-03-09 18:34:35,188  INFO      [222/366]  2024-08-09  OK  (1628 actions, 159682 MWh, 0:00:07.649958)
2026-03-09 18:34:41,797  INFO      [223/366]  2024-08-10  OK  (1315 actions, 143866 MWh, 0:00:06.598675)
2026-03-09 18:34:43,940  INFO      [224/366]  2024-08-11  OK  (165 actions, 17612 MWh, 0:00:02.143271)
2026-03-09 18:34:50,117  INFO      [225/366]  2024-08-12  OK  (1107 actions, 85942 MWh, 0:00:06.167018)
2026-03-09 18:34:52,629  INFO      [226/366]  2024-08-13  OK  (301 actions, 44299 MWh, 0:00:02.511395)
2026-03-09 18:34:55,659  INFO      [227/366]  2024-08-14  OK  (367 actions, 50016 MWh, 0:00:03.028788)
2026-03-09 18:35:01,975  INFO      [228/366]  2024-08-15  OK  (1197 actions, 108868 MWh, 0:00:06.308066)
2026-03-09 18:35:06,756  INFO      [229/366]  2024-08-16  OK  (767 actions, 131085 MWh, 0:00:04.781453)
2026-03-09 18:35:11,113  INFO      [230/366]  2024-08-17  OK  (700 actions, 100525 MWh, 0:00:04.356426)
2026-03-09 18:35:16,718  INFO      [231/366]  2024-08-18  OK  (694 actions, 83935 MWh, 0:00:05.605303)
2026-03-09 18:35:20,754  INFO      [232/366]  2024-08-19  OK  (398 actions, 64660 MWh, 0:00:04.034560)
2026-03-09 18:35:27,571  INFO      [233/366]  2024-08-20  OK  (1098 actions, 126224 MWh, 0:00:06.817222)
2026-03-09 18:35:37,577  INFO      [234/366]  2024-08-21  OK  (1966 actions, 213788 MWh, 0:00:10.005500)
2026-03-09 18:35:49,249  INFO      [235/366]  2024-08-22  OK  (1845 actions, 223814 MWh, 0:00:11.669801)
2026-03-09 18:35:54,497  INFO      [236/366]  2024-08-23  OK  (912 actions, 98755 MWh, 0:00:05.247699)
2026-03-09 18:36:01,422  INFO      [237/366]  2024-08-24  OK  (1387 actions, 111672 MWh, 0:00:06.925509)
2026-03-09 18:36:09,370  INFO      [238/366]  2024-08-25  OK  (1666 actions, 135576 MWh, 0:00:07.947820)
2026-03-09 18:36:13,736  INFO      [239/366]  2024-08-26  OK  (740 actions, 45193 MWh, 0:00:04.364424)
2026-03-09 18:36:22,906  INFO      [240/366]  2024-08-27  OK  (1957 actions, 221533 MWh, 0:00:09.170311)
2026-03-09 18:36:27,014  INFO      [241/366]  2024-08-28  OK  (623 actions, 85170 MWh, 0:00:04.108187)
2026-03-09 18:36:30,176  INFO      [242/366]  2024-08-29  OK  (421 actions, 64779 MWh, 0:00:03.161824)
2026-03-09 18:36:33,888  INFO      [243/366]  2024-08-30  OK  (511 actions, 67272 MWh, 0:00:03.708478)
2026-03-09 18:36:36,901  INFO      [244/366]  2024-08-31  OK  (372 actions, 28626 MWh, 0:00:03.013111)
2026-03-09 18:36:40,479  INFO      [245/366]  2024-09-01  OK  (527 actions, 47383 MWh, 0:00:03.578147)
2026-03-09 18:36:42,307  INFO      [246/366]  2024-09-02  OK  (143 actions, 15716 MWh, 0:00:01.828204)
2026-03-09 18:36:43,924  INFO      [247/366]  2024-09-03  OK  (73 actions, 4330 MWh, 0:00:01.608818)
2026-03-09 18:36:45,423  INFO      [248/366]  2024-09-04  OK  (76 actions, 6349 MWh, 0:00:01.498872)
2026-03-09 18:36:47,677  INFO      [249/366]  2024-09-05  OK  (228 actions, 17448 MWh, 0:00:02.253736)
2026-03-09 18:36:50,472  INFO      [250/366]  2024-09-06  OK  (288 actions, 16534 MWh, 0:00:02.795253)
2026-03-09 18:36:51,507  INFO      [251/366]  2024-09-07  OK  (0 actions, 0 MWh, 0:00:01.033371)
2026-03-09 18:36:53,392  INFO      [252/366]  2024-09-08  OK  (150 actions, 11661 MWh, 0:00:01.885207)
2026-03-09 18:36:56,127  INFO      [253/366]  2024-09-09  OK  (295 actions, 31294 MWh, 0:00:02.735212)
2026-03-09 18:37:06,834  INFO      [254/366]  2024-09-10  OK  (2310 actions, 235639 MWh, 0:00:10.700627)
2026-03-09 18:37:12,615  INFO      [255/366]  2024-09-11  OK  (1067 actions, 108995 MWh, 0:00:05.781252)
2026-03-09 18:37:16,387  INFO      [256/366]  2024-09-12  OK  (584 actions, 72142 MWh, 0:00:03.772088)
2026-03-09 18:37:18,134  INFO      [257/366]  2024-09-13  OK  (113 actions, 16126 MWh, 0:00:01.743848)
2026-03-09 18:37:26,134  INFO      [258/366]  2024-09-14  OK  (1702 actions, 240738 MWh, 0:00:08.000387)
2026-03-09 18:37:29,786  INFO      [259/366]  2024-09-15  OK  (549 actions, 57834 MWh, 0:00:03.651711)
2026-03-09 18:37:31,621  INFO      [260/366]  2024-09-16  OK  (127 actions, 7859 MWh, 0:00:01.826594)
2026-03-09 18:37:33,335  INFO      [261/366]  2024-09-17  OK  (111 actions, 8509 MWh, 0:00:01.714223)
2026-03-09 18:37:35,032  INFO      [262/366]  2024-09-18  OK  (96 actions, 6100 MWh, 0:00:01.694937)
2026-03-09 18:37:36,829  INFO      [263/366]  2024-09-19  OK  (140 actions, 8726 MWh, 0:00:01.797183)
2026-03-09 18:37:38,244  INFO      [264/366]  2024-09-20  OK  (51 actions, 1553 MWh, 0:00:01.412400)
2026-03-09 18:37:39,412  INFO      [265/366]  2024-09-21  OK  (7 actions, 68 MWh, 0:00:01.167818)
2026-03-09 18:37:40,780  INFO      [266/366]  2024-09-22  OK  (3 actions, 57 MWh, 0:00:01.368237)
2026-03-09 18:37:42,451  INFO      [267/366]  2024-09-23  OK  (16 actions, 401 MWh, 0:00:01.670442)
2026-03-09 18:37:42,455  WARNING   [268/366]  2024-09-24  SKIP — missing inputs: ['IV_dispatch_changes_by_zone_and_SP_flex.csv']
2026-03-09 18:37:42,456  WARNING   [269/366]  2024-09-25  SKIP — missing inputs: ['IV_dispatch_changes_by_zone_and_SP_flex.csv']
2026-03-09 18:37:42,459  WARNING   [270/366]  2024-09-26  SKIP — missing inputs: ['IV_dispatch_changes_by_zone_and_SP_flex.csv']
2026-03-09 18:37:48,824  INFO      [271/366]  2024-09-27  OK  (779 actions, 106819 MWh, 0:00:06.365134)
2026-03-09 18:37:52,061  INFO      [272/366]  2024-09-28  OK  (400 actions, 23424 MWh, 0:00:03.237664)
2026-03-09 18:37:54,320  INFO      [273/366]  2024-09-29  OK  (231 actions, 19888 MWh, 0:00:02.254207)
2026-03-09 18:37:56,899  INFO      [274/366]  2024-09-30  OK  (231 actions, 17453 MWh, 0:00:02.576828)
2026-03-09 18:37:59,245  INFO      [275/366]  2024-10-01  OK  (115 actions, 13805 MWh, 0:00:02.346582)
2026-03-09 18:38:01,211  INFO      [276/366]  2024-10-02  OK  (90 actions, 2602 MWh, 0:00:01.963899)
2026-03-09 18:38:03,074  INFO      [277/366]  2024-10-03  OK  (106 actions, 13611 MWh, 0:00:01.860999)
2026-03-09 18:38:06,231  INFO      [278/366]  2024-10-04  OK  (496 actions, 76140 MWh, 0:00:03.156445)
2026-03-09 18:38:08,576  INFO      [279/366]  2024-10-05  OK  (368 actions, 51923 MWh, 0:00:02.344884)
2026-03-09 18:38:11,888  INFO      [280/366]  2024-10-06  OK  (567 actions, 48532 MWh, 0:00:03.310917)
2026-03-09 18:38:14,430  INFO      [281/366]  2024-10-07  OK  (381 actions, 35926 MWh, 0:00:02.542298)
2026-03-09 18:38:16,801  INFO      [282/366]  2024-10-08  OK  (196 actions, 33853 MWh, 0:00:02.364699)
2026-03-09 18:38:20,935  INFO      [283/366]  2024-10-09  OK  (812 actions, 157740 MWh, 0:00:04.133493)
2026-03-09 18:38:26,450  INFO      [284/366]  2024-10-10  OK  (283 actions, 43705 MWh, 0:00:05.510355)
2026-03-09 18:38:31,276  INFO      [285/366]  2024-10-11  OK  (402 actions, 72017 MWh, 0:00:04.822314)
2026-03-09 18:38:38,745  INFO      [286/366]  2024-10-12  OK  (822 actions, 98963 MWh, 0:00:07.469305)
2026-03-09 18:38:44,436  INFO      [287/366]  2024-10-13  OK  (783 actions, 46567 MWh, 0:00:05.690597)
2026-03-09 18:38:46,450  INFO      [288/366]  2024-10-14  OK  (83 actions, 10949 MWh, 0:00:02.013992)
2026-03-09 18:38:50,007  INFO      [289/366]  2024-10-15  OK  (376 actions, 64036 MWh, 0:00:03.555283)
2026-03-09 18:38:55,850  INFO      [290/366]  2024-10-16  OK  (809 actions, 101066 MWh, 0:00:05.839778)
2026-03-09 18:38:57,615  INFO      [291/366]  2024-10-17  OK  (80 actions, 8935 MWh, 0:00:01.765869)
2026-03-09 18:39:02,031  INFO      [292/366]  2024-10-18  OK  (548 actions, 98186 MWh, 0:00:04.415459)
2026-03-09 18:39:06,190  INFO      [293/366]  2024-10-19  OK  (482 actions, 47448 MWh, 0:00:04.155697)
2026-03-09 18:39:19,696  INFO      [294/366]  2024-10-20  OK  (2477 actions, 204752 MWh, 0:00:13.502058)
2026-03-09 18:39:28,331  INFO      [295/366]  2024-10-21  OK  (1323 actions, 142058 MWh, 0:00:08.629366)
2026-03-09 18:39:34,307  INFO      [296/366]  2024-10-22  OK  (811 actions, 111212 MWh, 0:00:05.973615)
2026-03-09 18:39:39,662  INFO      [297/366]  2024-10-23  OK  (818 actions, 121160 MWh, 0:00:05.351561)
2026-03-09 18:39:47,153  INFO      [298/366]  2024-10-24  OK  (1332 actions, 150708 MWh, 0:00:07.491068)
2026-03-09 18:39:49,810  INFO      [299/366]  2024-10-25  OK  (271 actions, 21676 MWh, 0:00:02.651239)
2026-03-09 18:39:54,166  INFO      [300/366]  2024-10-26  OK  (615 actions, 84484 MWh, 0:00:04.352921)
2026-03-09 18:39:59,540  INFO      [301/366]  2024-10-27  OK  (767 actions, 79768 MWh, 0:00:05.374545)
2026-03-09 18:40:02,929  INFO      [302/366]  2024-10-28  OK  (446 actions, 25170 MWh, 0:00:03.388570)
2026-03-09 18:40:06,813  INFO      [303/366]  2024-10-29  OK  (549 actions, 60435 MWh, 0:00:03.883670)
2026-03-09 18:40:11,855  INFO      [304/366]  2024-10-30  OK  (784 actions, 83034 MWh, 0:00:05.039640)
2026-03-09 18:40:16,644  INFO      [305/366]  2024-10-31  OK  (670 actions, 105874 MWh, 0:00:04.787759)
2026-03-09 18:40:20,912  INFO      [306/366]  2024-11-01  OK  (539 actions, 64038 MWh, 0:00:04.267407)
2026-03-09 18:40:24,142  INFO      [307/366]  2024-11-02  OK  (343 actions, 45221 MWh, 0:00:03.230382)
2026-03-09 18:40:27,315  INFO      [308/366]  2024-11-03  OK  (361 actions, 32386 MWh, 0:00:03.172895)
2026-03-09 18:40:28,627  INFO      [309/366]  2024-11-04  OK  (14 actions, 100 MWh, 0:00:01.311537)
2026-03-09 18:40:29,888  INFO      [310/366]  2024-11-05  OK  (12 actions, 112 MWh, 0:00:01.261606)
2026-03-09 18:40:32,154  INFO      [311/366]  2024-11-06  OK  (158 actions, 15311 MWh, 0:00:02.262685)
2026-03-09 18:40:35,269  INFO      [312/366]  2024-11-07  OK  (356 actions, 56413 MWh, 0:00:03.115021)
2026-03-09 18:40:39,983  INFO      [313/366]  2024-11-08  OK  (583 actions, 57766 MWh, 0:00:04.714766)
2026-03-09 18:40:44,719  INFO      [314/366]  2024-11-09  OK  (706 actions, 59000 MWh, 0:00:04.735703)
2026-03-09 18:40:48,154  INFO      [315/366]  2024-11-10  OK  (441 actions, 61039 MWh, 0:00:03.434541)
2026-03-09 18:40:50,060  INFO      [316/366]  2024-11-11  OK  (124 actions, 15066 MWh, 0:00:01.901785)
2026-03-09 18:40:52,148  INFO      [317/366]  2024-11-12  OK  (140 actions, 16791 MWh, 0:00:02.087647)
2026-03-09 18:40:55,097  INFO      [318/366]  2024-11-13  OK  (331 actions, 42347 MWh, 0:00:02.948781)
2026-03-09 18:40:58,664  INFO      [319/366]  2024-11-14  OK  (386 actions, 52127 MWh, 0:00:03.558902)
2026-03-09 18:41:03,321  INFO      [320/366]  2024-11-15  OK  (640 actions, 103739 MWh, 0:00:04.657318)
2026-03-09 18:41:10,915  INFO      [321/366]  2024-11-16  OK  (1335 actions, 161037 MWh, 0:00:07.594384)
2026-03-09 18:41:16,341  INFO      [322/366]  2024-11-17  OK  (874 actions, 87407 MWh, 0:00:05.425548)
2026-03-09 18:41:21,580  INFO      [323/366]  2024-11-18  OK  (733 actions, 100908 MWh, 0:00:05.234842)
2026-03-09 18:41:25,563  INFO      [324/366]  2024-11-19  OK  (480 actions, 67932 MWh, 0:00:03.982684)
2026-03-09 18:41:29,248  INFO      [325/366]  2024-11-20  OK  (406 actions, 57614 MWh, 0:00:03.681719)
2026-03-09 18:41:33,092  INFO      [326/366]  2024-11-21  OK  (479 actions, 66368 MWh, 0:00:03.844112)
2026-03-09 18:41:36,102  INFO      [327/366]  2024-11-22  OK  (306 actions, 34003 MWh, 0:00:03.010022)
2026-03-09 18:41:41,768  INFO      [328/366]  2024-11-23  OK  (914 actions, 112427 MWh, 0:00:05.666395)
2026-03-09 18:41:51,687  INFO      [329/366]  2024-11-24  OK  (1840 actions, 204117 MWh, 0:00:09.902253)
2026-03-09 18:42:00,287  INFO      [330/366]  2024-11-25  OK  (1489 actions, 211632 MWh, 0:00:08.597761)
2026-03-09 18:42:07,252  INFO      [331/366]  2024-11-26  OK  (917 actions, 108197 MWh, 0:00:06.965190)
2026-03-09 18:42:08,429  INFO      [332/366]  2024-11-27  OK  (0 actions, 0 MWh, 0:00:01.176596)
2026-03-09 18:42:11,113  INFO      [333/366]  2024-11-28  OK  (323 actions, 37482 MWh, 0:00:02.682654)
2026-03-09 18:42:16,443  INFO      [334/366]  2024-11-29  OK  (772 actions, 93589 MWh, 0:00:05.329513)
2026-03-09 18:42:22,856  INFO      [335/366]  2024-11-30  OK  (1045 actions, 123619 MWh, 0:00:06.412764)
2026-03-09 18:42:30,366  INFO      [336/366]  2024-12-01  OK  (910 actions, 97950 MWh, 0:00:07.501620)
2026-03-09 18:42:36,291  INFO      [337/366]  2024-12-02  OK  (638 actions, 83675 MWh, 0:00:05.923921)
2026-03-09 18:42:43,244  INFO      [338/366]  2024-12-03  OK  (1057 actions, 98839 MWh, 0:00:06.953582)
2026-03-09 18:42:46,196  INFO      [339/366]  2024-12-04  OK  (322 actions, 47154 MWh, 0:00:02.952084)
2026-03-09 18:42:50,604  INFO      [340/366]  2024-12-05  OK  (603 actions, 64464 MWh, 0:00:04.404628)
2026-03-09 18:42:55,943  INFO      [341/366]  2024-12-06  OK  (823 actions, 87096 MWh, 0:00:05.339711)
2026-03-09 18:43:03,965  INFO      [342/366]  2024-12-07  OK  (1343 actions, 182323 MWh, 0:00:08.021925)
2026-03-09 18:43:10,658  INFO      [343/366]  2024-12-08  OK  (1122 actions, 127940 MWh, 0:00:06.692342)
2026-03-09 18:43:14,413  INFO      [344/366]  2024-12-09  OK  (496 actions, 66856 MWh, 0:00:03.751977)
2026-03-09 18:43:17,027  INFO      [345/366]  2024-12-10  OK  (218 actions, 23329 MWh, 0:00:02.613720)
2026-03-09 18:43:18,405  INFO      [346/366]  2024-12-11  OK  (0 actions, 0 MWh, 0:00:01.378418)
2026-03-09 18:43:20,011  INFO      [347/366]  2024-12-12  OK  (31 actions, 439 MWh, 0:00:01.603672)
2026-03-09 18:43:21,400  INFO      [348/366]  2024-12-13  OK  (2 actions, 13 MWh, 0:00:01.389538)
2026-03-09 18:43:24,622  INFO      [349/366]  2024-12-14  OK  (312 actions, 21598 MWh, 0:00:03.221987)
2026-03-09 18:43:33,960  INFO      [350/366]  2024-12-15  OK  (1940 actions, 152521 MWh, 0:00:09.338155)
2026-03-09 18:43:40,906  INFO      [351/366]  2024-12-16  OK  (719 actions, 104969 MWh, 0:00:06.945653)
2026-03-09 18:43:48,610  INFO      [352/366]  2024-12-17  OK  (512 actions, 68054 MWh, 0:00:07.520306)
2026-03-09 18:44:01,380  INFO      [353/366]  2024-12-18  OK  (1235 actions, 158748 MWh, 0:00:12.769956)
2026-03-09 18:44:06,812  INFO      [354/366]  2024-12-19  OK  (565 actions, 89405 MWh, 0:00:05.429582)
2026-03-09 18:44:13,557  INFO      [355/366]  2024-12-20  OK  (735 actions, 108691 MWh, 0:00:06.745012)
2026-03-09 18:44:26,534  INFO      [356/366]  2024-12-21  OK  (2061 actions, 183683 MWh, 0:00:12.977392)
2026-03-09 18:44:37,019  INFO      [357/366]  2024-12-22  OK  (1739 actions, 173127 MWh, 0:00:10.484583)
2026-03-09 18:44:41,451  INFO      [358/366]  2024-12-23  OK  (431 actions, 42405 MWh, 0:00:04.431962)
2026-03-09 18:44:45,979  INFO      [359/366]  2024-12-24  OK  (896 actions, 108992 MWh, 0:00:04.528688)
2026-03-09 18:44:51,209  INFO      [360/366]  2024-12-25  OK  (1008 actions, 124732 MWh, 0:00:05.222183)
2026-03-09 18:44:54,216  INFO      [361/366]  2024-12-26  OK  (302 actions, 17062 MWh, 0:00:03.005112)
2026-03-09 18:44:55,774  INFO      [362/366]  2024-12-27  OK  (0 actions, 0 MWh, 0:00:01.558091)
2026-03-09 18:45:00,486  INFO      [363/366]  2024-12-28  OK  (413 actions, 53478 MWh, 0:00:04.703479)
2026-03-09 18:45:18,684  INFO      [364/366]  2024-12-29  OK  (1882 actions, 243308 MWh, 0:00:18.194165)
2026-03-09 18:45:28,513  INFO      [365/366]  2024-12-30  OK  (880 actions, 85352 MWh, 0:00:09.828560)
2026-03-09 18:45:50,419  INFO      [366/366]  2024-12-31  OK  (2202 actions, 206732 MWh, 0:00:21.903567)
2026-03-09 18:45:50,419  INFO      ======================================================================
2026-03-09 18:45:50,421  INFO      Finished.  Successes: 363  |  Failures: 0  |  Skipped: 3
2026-03-09 18:45:50,421  INFO      Skipped days (missing inputs): ['2024-09-24', '2024-09-25', '2024-09-26']
2026-03-09 18:45:50,421  INFO      ======================================================================
2026-03-09 20:40:20,065  INFO      Loading BMU classification...
2026-03-09 20:40:20,081  INFO      Loaded 1056 BMUs
2026-03-09 20:40:20,081  INFO      Building unit lookup tables...
2026-03-09 20:40:20,177  INFO      Classified 1056 units
2026-03-09 20:40:20,192  INFO      ======================================================================
2026-03-09 20:40:20,192  INFO      Rerunning IV clearing ONLY: 2024-01-01 → 2024-12-31  (366 days)
2026-03-09 20:40:20,192  INFO      Excluded BMUs: ['DRAXX-5', 'DRAXX-6']
2026-03-09 20:40:20,192  INFO      ======================================================================
2026-03-09 20:40:21,363  INFO      [1/366]  2024-01-01  OK  (163 actions, 9326 MWh, 0:00:01.170798)
2026-03-09 20:40:22,776  INFO      [2/366]  2024-01-02  OK  (331 actions, 18388 MWh, 0:00:01.412619)
2026-03-09 20:40:23,395  INFO      [3/366]  2024-01-03  OK  (27 actions, 743 MWh, 0:00:00.619120)
2026-03-09 20:40:24,127  INFO      [4/366]  2024-01-04  OK  (143 actions, 16571 MWh, 0:00:00.731826)
2026-03-09 20:40:24,523  INFO      [5/366]  2024-01-05  OK  (0 actions, 0 MWh, 0:00:00.396780)
2026-03-09 20:40:25,158  INFO      [6/366]  2024-01-06  OK  (110 actions, 5365 MWh, 0:00:00.618925)
2026-03-09 20:40:26,061  INFO      [7/366]  2024-01-07  OK  (297 actions, 24490 MWh, 0:00:00.903275)
2026-03-09 20:40:26,474  INFO      [8/366]  2024-01-08  OK  (8 actions, 157 MWh, 0:00:00.412250)
2026-03-09 20:40:26,979  INFO      [9/366]  2024-01-09  OK  (51 actions, 4595 MWh, 0:00:00.505576)
2026-03-09 20:40:27,653  INFO      [10/366]  2024-01-10  OK  (124 actions, 6262 MWh, 0:00:00.673372)
2026-03-09 20:40:28,190  INFO      [11/366]  2024-01-11  OK  (66 actions, 1013 MWh, 0:00:00.537103)
2026-03-09 20:40:28,958  INFO      [12/366]  2024-01-12  OK  (210 actions, 10813 MWh, 0:00:00.768626)
2026-03-09 20:40:30,462  INFO      [13/366]  2024-01-13  OK  (683 actions, 59563 MWh, 0:00:01.504050)
2026-03-09 20:40:31,066  INFO      [14/366]  2024-01-14  OK  (93 actions, 8213 MWh, 0:00:00.603905)
2026-03-09 20:40:31,805  INFO      [15/366]  2024-01-15  OK  (173 actions, 15503 MWh, 0:00:00.738584)
2026-03-09 20:40:32,240  INFO      [16/366]  2024-01-16  OK  (19 actions, 1129 MWh, 0:00:00.435268)
2026-03-09 20:40:32,782  INFO      [17/366]  2024-01-17  OK  (57 actions, 3966 MWh, 0:00:00.541555)
2026-03-09 20:40:33,818  INFO      [18/366]  2024-01-18  OK  (357 actions, 41237 MWh, 0:00:01.035741)
2026-03-09 20:40:35,206  INFO      [19/366]  2024-01-19  OK  (677 actions, 75539 MWh, 0:00:01.388847)
2026-03-09 20:40:36,910  INFO      [20/366]  2024-01-20  OK  (790 actions, 102577 MWh, 0:00:01.703445)
2026-03-09 20:40:38,797  INFO      [21/366]  2024-01-21  OK  (664 actions, 81729 MWh, 0:00:01.887048)
2026-03-09 20:40:40,183  INFO      [22/366]  2024-01-22  OK  (462 actions, 84390 MWh, 0:00:01.385984)
2026-03-09 20:40:41,627  INFO      [23/366]  2024-01-23  OK  (419 actions, 77197 MWh, 0:00:01.444361)
2026-03-09 20:40:43,026  INFO      [24/366]  2024-01-24  OK  (497 actions, 68329 MWh, 0:00:01.396942)
2026-03-09 20:40:44,328  INFO      [25/366]  2024-01-25  OK  (415 actions, 50875 MWh, 0:00:01.301510)
2026-03-09 20:40:46,264  INFO      [26/366]  2024-01-26  OK  (840 actions, 115881 MWh, 0:00:01.936151)
2026-03-09 20:40:48,344  INFO      [27/366]  2024-01-27  OK  (1101 actions, 142131 MWh, 0:00:02.080582)
2026-03-09 20:40:50,521  INFO      [28/366]  2024-01-28  OK  (1279 actions, 127327 MWh, 0:00:02.176853)
2026-03-09 20:40:51,184  INFO      [29/366]  2024-01-29  OK  (84 actions, 1630 MWh, 0:00:00.662720)
2026-03-09 20:40:51,889  INFO      [30/366]  2024-01-30  OK  (178 actions, 22272 MWh, 0:00:00.705122)
2026-03-09 20:40:53,821  INFO      [31/366]  2024-01-31  OK  (1036 actions, 125099 MWh, 0:00:01.931943)
2026-03-09 20:40:54,583  INFO      [32/366]  2024-02-01  OK  (247 actions, 21513 MWh, 0:00:00.761712)
2026-03-09 20:40:57,257  INFO      [33/366]  2024-02-02  OK  (1278 actions, 127419 MWh, 0:00:02.673980)
2026-03-09 20:40:59,513  INFO      [34/366]  2024-02-03  OK  (1358 actions, 161994 MWh, 0:00:02.255895)
2026-03-09 20:41:01,339  INFO      [35/366]  2024-02-04  OK  (1038 actions, 105362 MWh, 0:00:01.825895)
2026-03-09 20:41:02,595  INFO      [36/366]  2024-02-05  OK  (524 actions, 52517 MWh, 0:00:01.256263)
2026-03-09 20:41:03,771  INFO      [37/366]  2024-02-06  OK  (537 actions, 72945 MWh, 0:00:01.175980)
2026-03-09 20:41:04,275  INFO      [38/366]  2024-02-07  OK  (81 actions, 10337 MWh, 0:00:00.504635)
2026-03-09 20:41:04,861  INFO      [39/366]  2024-02-08  OK  (127 actions, 12572 MWh, 0:00:00.585172)
2026-03-09 20:41:06,169  INFO      [40/366]  2024-02-09  OK  (623 actions, 94000 MWh, 0:00:01.308610)
2026-03-09 20:41:06,993  INFO      [41/366]  2024-02-10  OK  (254 actions, 27895 MWh, 0:00:00.823892)
2026-03-09 20:41:07,596  INFO      [42/366]  2024-02-11  OK  (107 actions, 6491 MWh, 0:00:00.602947)
2026-03-09 20:41:08,183  INFO      [43/366]  2024-02-12  OK  (129 actions, 17901 MWh, 0:00:00.587020)
2026-03-09 20:41:08,927  INFO      [44/366]  2024-02-13  OK  (223 actions, 29284 MWh, 0:00:00.744183)
2026-03-09 20:41:09,581  INFO      [45/366]  2024-02-14  OK  (162 actions, 9985 MWh, 0:00:00.654070)
2026-03-09 20:41:10,083  INFO      [46/366]  2024-02-15  OK  (64 actions, 3146 MWh, 0:00:00.501554)
2026-03-09 20:41:10,852  INFO      [47/366]  2024-02-16  OK  (230 actions, 24471 MWh, 0:00:00.769085)
2026-03-09 20:41:11,550  INFO      [48/366]  2024-02-17  OK  (195 actions, 17535 MWh, 0:00:00.697334)
2026-03-09 20:41:12,233  INFO      [49/366]  2024-02-18  OK  (168 actions, 12454 MWh, 0:00:00.683173)
2026-03-09 20:41:13,140  INFO      [50/366]  2024-02-19  OK  (337 actions, 31243 MWh, 0:00:00.906834)
2026-03-09 20:41:14,567  INFO      [51/366]  2024-02-20  OK  (662 actions, 89673 MWh, 0:00:01.427450)
2026-03-09 20:41:16,094  INFO      [52/366]  2024-02-21  OK  (683 actions, 72380 MWh, 0:00:01.526737)
2026-03-09 20:41:16,949  INFO      [53/366]  2024-02-22  OK  (267 actions, 30642 MWh, 0:00:00.855534)
2026-03-09 20:41:17,645  INFO      [54/366]  2024-02-23  OK  (154 actions, 8450 MWh, 0:00:00.695447)
2026-03-09 20:41:18,505  INFO      [55/366]  2024-02-24  OK  (258 actions, 29093 MWh, 0:00:00.859985)
2026-03-09 20:41:19,207  INFO      [56/366]  2024-02-25  OK  (184 actions, 20328 MWh, 0:00:00.702338)
2026-03-09 20:41:20,162  INFO      [57/366]  2024-02-26  OK  (306 actions, 55862 MWh, 0:00:00.954394)
2026-03-09 20:41:21,385  INFO      [58/366]  2024-02-27  OK  (526 actions, 95989 MWh, 0:00:01.223239)
2026-03-09 20:41:22,659  INFO      [59/366]  2024-02-28  OK  (558 actions, 107508 MWh, 0:00:01.274628)
2026-03-09 20:41:23,997  INFO      [60/366]  2024-02-29  OK  (624 actions, 104900 MWh, 0:00:01.337535)
2026-03-09 20:41:24,460  INFO      [61/366]  2024-03-01  OK  (50 actions, 3552 MWh, 0:00:00.463549)
2026-03-09 20:41:24,922  INFO      [62/366]  2024-03-02  OK  (51 actions, 4414 MWh, 0:00:00.461985)
2026-03-09 20:41:25,669  INFO      [63/366]  2024-03-03  OK  (204 actions, 28504 MWh, 0:00:00.746344)
2026-03-09 20:41:26,717  INFO      [64/366]  2024-03-04  OK  (384 actions, 53277 MWh, 0:00:01.047712)
2026-03-09 20:41:27,780  INFO      [65/366]  2024-03-05  OK  (419 actions, 76542 MWh, 0:00:01.059984)
2026-03-09 20:41:28,369  INFO      [66/366]  2024-03-06  OK  (117 actions, 13356 MWh, 0:00:00.588835)
2026-03-09 20:41:29,595  INFO      [67/366]  2024-03-07  OK  (531 actions, 58130 MWh, 0:00:01.226525)
2026-03-09 20:41:30,704  INFO      [68/366]  2024-03-08  OK  (460 actions, 59182 MWh, 0:00:01.108339)
2026-03-09 20:41:32,052  INFO      [69/366]  2024-03-09  OK  (640 actions, 57701 MWh, 0:00:01.348470)
2026-03-09 20:41:33,818  INFO      [70/366]  2024-03-10  OK  (928 actions, 104588 MWh, 0:00:01.765993)
2026-03-09 20:41:34,557  INFO      [71/366]  2024-03-11  OK  (233 actions, 12160 MWh, 0:00:00.739277)
2026-03-09 20:41:35,431  INFO      [72/366]  2024-03-12  OK  (301 actions, 24706 MWh, 0:00:00.866962)
2026-03-09 20:41:37,478  INFO      [73/366]  2024-03-13  OK  (982 actions, 131562 MWh, 0:00:02.046571)
2026-03-09 20:41:38,584  INFO      [74/366]  2024-03-14  OK  (447 actions, 33375 MWh, 0:00:01.104211)
2026-03-09 20:41:39,979  INFO      [75/366]  2024-03-15  OK  (634 actions, 44446 MWh, 0:00:01.394912)
2026-03-09 20:41:41,452  INFO      [76/366]  2024-03-16  OK  (685 actions, 58149 MWh, 0:00:01.473008)
2026-03-09 20:41:42,650  INFO      [77/366]  2024-03-17  OK  (528 actions, 28188 MWh, 0:00:01.197662)
2026-03-09 20:41:43,794  INFO      [78/366]  2024-03-18  OK  (547 actions, 67263 MWh, 0:00:01.144061)
2026-03-09 20:41:45,605  INFO      [79/366]  2024-03-19  OK  (980 actions, 91988 MWh, 0:00:01.811445)
2026-03-09 20:41:46,932  INFO      [80/366]  2024-03-20  OK  (633 actions, 42440 MWh, 0:00:01.326877)
2026-03-09 20:41:48,720  INFO      [81/366]  2024-03-21  OK  (957 actions, 149891 MWh, 0:00:01.788351)
2026-03-09 20:41:51,478  INFO      [82/366]  2024-03-22  OK  (1795 actions, 165819 MWh, 0:00:02.757309)
2026-03-09 20:41:53,924  INFO      [83/366]  2024-03-23  OK  (1553 actions, 116309 MWh, 0:00:02.446639)
2026-03-09 20:41:55,083  INFO      [84/366]  2024-03-24  OK  (483 actions, 33070 MWh, 0:00:01.157282)
2026-03-09 20:41:55,729  INFO      [85/366]  2024-03-25  OK  (122 actions, 10323 MWh, 0:00:00.646887)
2026-03-09 20:41:56,398  INFO      [86/366]  2024-03-26  OK  (182 actions, 18821 MWh, 0:00:00.668619)
2026-03-09 20:41:57,368  INFO      [87/366]  2024-03-27  OK  (373 actions, 32191 MWh, 0:00:00.954260)
2026-03-09 20:41:58,434  INFO      [88/366]  2024-03-28  OK  (369 actions, 39307 MWh, 0:00:01.065590)
2026-03-09 20:41:59,213  INFO      [89/366]  2024-03-29  OK  (260 actions, 11645 MWh, 0:00:00.779167)
2026-03-09 20:41:59,700  INFO      [90/366]  2024-03-30  OK  (68 actions, 3062 MWh, 0:00:00.486857)
2026-03-09 20:42:00,378  INFO      [91/366]  2024-03-31  OK  (171 actions, 9395 MWh, 0:00:00.678447)
2026-03-09 20:42:00,873  INFO      [92/366]  2024-04-01  OK  (64 actions, 5062 MWh, 0:00:00.494850)
2026-03-09 20:42:01,459  INFO      [93/366]  2024-04-02  OK  (109 actions, 9887 MWh, 0:00:00.585953)
2026-03-09 20:42:02,448  INFO      [94/366]  2024-04-03  OK  (345 actions, 40507 MWh, 0:00:00.988558)
2026-03-09 20:42:02,876  INFO      [95/366]  2024-04-04  OK  (28 actions, 1090 MWh, 0:00:00.428106)
2026-03-09 20:42:04,010  INFO      [96/366]  2024-04-05  OK  (472 actions, 23198 MWh, 0:00:01.134364)
2026-03-09 20:42:06,231  INFO      [97/366]  2024-04-06  OK  (1375 actions, 97302 MWh, 0:00:02.221078)
2026-03-09 20:42:08,558  INFO      [98/366]  2024-04-07  OK  (1368 actions, 101623 MWh, 0:00:02.326735)
2026-03-09 20:42:09,821  INFO      [99/366]  2024-04-08  OK  (556 actions, 60919 MWh, 0:00:01.262576)
2026-03-09 20:42:11,244  INFO      [100/366]  2024-04-09  OK  (746 actions, 53823 MWh, 0:00:01.423212)
2026-03-09 20:42:12,319  INFO      [101/366]  2024-04-10  OK  (474 actions, 42180 MWh, 0:00:01.075512)
2026-03-09 20:42:14,313  INFO      [102/366]  2024-04-11  OK  (1119 actions, 93566 MWh, 0:00:01.993424)
2026-03-09 20:42:16,507  INFO      [103/366]  2024-04-12  OK  (1347 actions, 105234 MWh, 0:00:02.193845)
2026-03-09 20:42:18,936  INFO      [104/366]  2024-04-13  OK  (1579 actions, 131989 MWh, 0:00:02.429553)
2026-03-09 20:42:21,098  INFO      [105/366]  2024-04-14  OK  (1359 actions, 118093 MWh, 0:00:02.161837)
2026-03-09 20:42:23,089  INFO      [106/366]  2024-04-15  OK  (1175 actions, 89065 MWh, 0:00:01.991156)
2026-03-09 20:42:24,509  INFO      [107/366]  2024-04-16  OK  (728 actions, 72586 MWh, 0:00:01.420080)
2026-03-09 20:42:25,307  INFO      [108/366]  2024-04-17  OK  (242 actions, 35009 MWh, 0:00:00.798186)
2026-03-09 20:42:26,319  INFO      [109/366]  2024-04-18  OK  (420 actions, 56089 MWh, 0:00:01.011306)
2026-03-09 20:42:28,229  INFO      [110/366]  2024-04-19  OK  (1072 actions, 87747 MWh, 0:00:01.909775)
2026-03-09 20:42:28,831  INFO      [111/366]  2024-04-20  OK  (128 actions, 5092 MWh, 0:00:00.602331)
2026-03-09 20:42:29,972  INFO      [112/366]  2024-04-21  OK  (526 actions, 24103 MWh, 0:00:01.140798)
2026-03-09 20:42:30,704  INFO      [113/366]  2024-04-22  OK  (225 actions, 25132 MWh, 0:00:00.732538)
2026-03-09 20:42:31,403  INFO      [114/366]  2024-04-23  OK  (124 actions, 13751 MWh, 0:00:00.698963)
2026-03-09 20:42:31,959  INFO      [115/366]  2024-04-24  OK  (80 actions, 6815 MWh, 0:00:00.555557)
2026-03-09 20:42:32,595  INFO      [116/366]  2024-04-25  OK  (142 actions, 12644 MWh, 0:00:00.636693)
2026-03-09 20:42:32,990  INFO      [117/366]  2024-04-26  OK  (2 actions, 50 MWh, 0:00:00.394966)
2026-03-09 20:42:33,369  INFO      [118/366]  2024-04-27  OK  (2 actions, 15 MWh, 0:00:00.379028)
2026-03-09 20:42:34,569  INFO      [119/366]  2024-04-28  OK  (551 actions, 45816 MWh, 0:00:01.200055)
2026-03-09 20:42:36,362  INFO      [120/366]  2024-04-29  OK  (986 actions, 108694 MWh, 0:00:01.792142)
2026-03-09 20:42:38,187  INFO      [121/366]  2024-04-30  OK  (966 actions, 91957 MWh, 0:00:01.825694)
2026-03-09 20:42:38,706  INFO      [122/366]  2024-05-01  OK  (77 actions, 4912 MWh, 0:00:00.518997)
2026-03-09 20:42:39,577  INFO      [123/366]  2024-05-02  OK  (290 actions, 27558 MWh, 0:00:00.870788)
2026-03-09 20:42:40,062  INFO      [124/366]  2024-05-03  OK  (53 actions, 3300 MWh, 0:00:00.484122)
2026-03-09 20:42:40,582  INFO      [125/366]  2024-05-04  OK  (67 actions, 3161 MWh, 0:00:00.520148)
2026-03-09 20:42:41,794  INFO      [126/366]  2024-05-05  OK  (328 actions, 17660 MWh, 0:00:01.211709)
2026-03-09 20:42:42,297  INFO      [127/366]  2024-05-06  OK  (13 actions, 211 MWh, 0:00:00.503606)
2026-03-09 20:42:43,151  INFO      [128/366]  2024-05-07  OK  (278 actions, 24417 MWh, 0:00:00.853399)
2026-03-09 20:42:43,717  INFO      [129/366]  2024-05-08  OK  (106 actions, 15973 MWh, 0:00:00.565895)
2026-03-09 20:42:44,362  INFO      [130/366]  2024-05-09  OK  (141 actions, 23785 MWh, 0:00:00.644791)
2026-03-09 20:42:44,747  INFO      [131/366]  2024-05-10  OK  (2 actions, 18 MWh, 0:00:00.384637)
2026-03-09 20:42:45,360  INFO      [132/366]  2024-05-11  OK  (137 actions, 17198 MWh, 0:00:00.612765)
2026-03-09 20:42:46,635  INFO      [133/366]  2024-05-12  OK  (628 actions, 48179 MWh, 0:00:01.275156)
2026-03-09 20:42:47,208  INFO      [134/366]  2024-05-13  OK  (104 actions, 15350 MWh, 0:00:00.572873)
2026-03-09 20:42:47,786  INFO      [135/366]  2024-05-14  OK  (89 actions, 8668 MWh, 0:00:00.578644)
2026-03-09 20:42:48,175  INFO      [136/366]  2024-05-15  OK  (6 actions, 147 MWh, 0:00:00.388964)
2026-03-09 20:42:48,575  INFO      [137/366]  2024-05-16  OK  (8 actions, 92 MWh, 0:00:00.399157)
2026-03-09 20:42:48,977  INFO      [138/366]  2024-05-17  OK  (10 actions, 90 MWh, 0:00:00.402926)
2026-03-09 20:42:49,595  INFO      [139/366]  2024-05-18  OK  (69 actions, 147 MWh, 0:00:00.617138)
2026-03-09 20:42:50,427  INFO      [140/366]  2024-05-19  OK  (174 actions, 11707 MWh, 0:00:00.832557)
2026-03-09 20:42:50,903  INFO      [141/366]  2024-05-20  OK  (0 actions, 0 MWh, 0:00:00.476087)
2026-03-09 20:42:51,293  INFO      [142/366]  2024-05-21  OK  (5 actions, 54 MWh, 0:00:00.389770)
2026-03-09 20:42:52,828  INFO      [143/366]  2024-05-22  OK  (810 actions, 60982 MWh, 0:00:01.535101)
2026-03-09 20:42:53,937  INFO      [144/366]  2024-05-23  OK  (496 actions, 28237 MWh, 0:00:01.109163)
2026-03-09 20:42:54,320  INFO      [145/366]  2024-05-24  OK  (0 actions, 0 MWh, 0:00:00.382250)
2026-03-09 20:42:54,720  INFO      [146/366]  2024-05-25  OK  (9 actions, 244 MWh, 0:00:00.400123)
2026-03-09 20:42:55,213  INFO      [147/366]  2024-05-26  OK  (58 actions, 4831 MWh, 0:00:00.493397)
2026-03-09 20:42:55,623  INFO      [148/366]  2024-05-27  OK  (21 actions, 662 MWh, 0:00:00.410357)
2026-03-09 20:42:56,274  INFO      [149/366]  2024-05-28  OK  (155 actions, 10683 MWh, 0:00:00.650992)
2026-03-09 20:42:56,828  INFO      [150/366]  2024-05-29  OK  (90 actions, 6400 MWh, 0:00:00.553653)
2026-03-09 20:42:58,041  INFO      [151/366]  2024-05-30  OK  (496 actions, 46169 MWh, 0:00:01.212631)
2026-03-09 20:42:58,574  INFO      [152/366]  2024-05-31  OK  (65 actions, 2898 MWh, 0:00:00.533447)
2026-03-09 20:42:59,035  INFO      [153/366]  2024-06-01  OK  (41 actions, 935 MWh, 0:00:00.460750)
2026-03-09 20:42:59,850  INFO      [154/366]  2024-06-02  OK  (280 actions, 27853 MWh, 0:00:00.799991)
2026-03-09 20:43:01,131  INFO      [155/366]  2024-06-03  OK  (439 actions, 65496 MWh, 0:00:01.281192)
2026-03-09 20:43:02,596  INFO      [156/366]  2024-06-04  OK  (737 actions, 129480 MWh, 0:00:01.464706)
2026-03-09 20:43:03,797  INFO      [157/366]  2024-06-05  OK  (552 actions, 63771 MWh, 0:00:01.201107)
2026-03-09 20:43:04,398  INFO      [158/366]  2024-06-06  OK  (114 actions, 15140 MWh, 0:00:00.601232)
2026-03-09 20:43:05,804  INFO      [159/366]  2024-06-07  OK  (711 actions, 67789 MWh, 0:00:01.405811)
2026-03-09 20:43:08,093  INFO      [160/366]  2024-06-08  OK  (1407 actions, 140644 MWh, 0:00:02.288669)
2026-03-09 20:43:09,489  INFO      [161/366]  2024-06-09  OK  (716 actions, 46103 MWh, 0:00:01.396836)
2026-03-09 20:43:10,999  INFO      [162/366]  2024-06-10  OK  (771 actions, 73067 MWh, 0:00:01.509718)
2026-03-09 20:43:11,985  INFO      [163/366]  2024-06-11  OK  (376 actions, 47382 MWh, 0:00:00.985753)
2026-03-09 20:43:13,298  INFO      [164/366]  2024-06-12  OK  (624 actions, 45464 MWh, 0:00:01.312596)
2026-03-09 20:43:13,908  INFO      [165/366]  2024-06-13  OK  (138 actions, 27508 MWh, 0:00:00.609989)
2026-03-09 20:43:14,750  INFO      [166/366]  2024-06-14  OK  (269 actions, 32792 MWh, 0:00:00.833050)
2026-03-09 20:43:15,997  INFO      [167/366]  2024-06-15  OK  (583 actions, 42208 MWh, 0:00:01.247296)
2026-03-09 20:43:16,904  INFO      [168/366]  2024-06-16  OK  (297 actions, 19750 MWh, 0:00:00.907329)
2026-03-09 20:43:17,331  INFO      [169/366]  2024-06-17  OK  (31 actions, 1331 MWh, 0:00:00.426588)
2026-03-09 20:43:17,793  INFO      [170/366]  2024-06-18  OK  (45 actions, 2522 MWh, 0:00:00.462415)
2026-03-09 20:43:18,587  INFO      [171/366]  2024-06-19  OK  (270 actions, 27831 MWh, 0:00:00.793318)
2026-03-09 20:43:19,234  INFO      [172/366]  2024-06-20  OK  (149 actions, 11214 MWh, 0:00:00.647241)
2026-03-09 20:43:19,844  INFO      [173/366]  2024-06-21  OK  (109 actions, 9463 MWh, 0:00:00.605862)
2026-03-09 20:43:20,411  INFO      [174/366]  2024-06-22  OK  (105 actions, 17349 MWh, 0:00:00.567199)
2026-03-09 20:43:20,980  INFO      [175/366]  2024-06-23  OK  (122 actions, 9947 MWh, 0:00:00.568673)
2026-03-09 20:43:21,586  INFO      [176/366]  2024-06-24  OK  (115 actions, 5135 MWh, 0:00:00.606097)
2026-03-09 20:43:22,009  INFO      [177/366]  2024-06-25  OK  (19 actions, 608 MWh, 0:00:00.422981)
2026-03-09 20:43:22,602  INFO      [178/366]  2024-06-26  OK  (118 actions, 18817 MWh, 0:00:00.591646)
2026-03-09 20:43:24,414  INFO      [179/366]  2024-06-27  OK  (1024 actions, 138119 MWh, 0:00:01.811234)
2026-03-09 20:43:26,826  INFO      [180/366]  2024-06-28  OK  (1493 actions, 169278 MWh, 0:00:02.412190)
2026-03-09 20:43:28,079  INFO      [181/366]  2024-06-29  OK  (507 actions, 65468 MWh, 0:00:01.252848)
2026-03-09 20:43:28,581  INFO      [182/366]  2024-06-30  OK  (35 actions, 1571 MWh, 0:00:00.502188)
2026-03-09 20:43:29,280  INFO      [183/366]  2024-07-01  OK  (186 actions, 21589 MWh, 0:00:00.699594)
2026-03-09 20:43:29,971  INFO      [184/366]  2024-07-02  OK  (174 actions, 9851 MWh, 0:00:00.690727)
2026-03-09 20:43:31,770  INFO      [185/366]  2024-07-03  OK  (998 actions, 75836 MWh, 0:00:01.798365)
2026-03-09 20:43:34,191  INFO      [186/366]  2024-07-04  OK  (1496 actions, 124448 MWh, 0:00:02.421821)
2026-03-09 20:43:36,054  INFO      [187/366]  2024-07-05  OK  (1078 actions, 88142 MWh, 0:00:01.863079)
2026-03-09 20:43:36,920  INFO      [188/366]  2024-07-06  OK  (181 actions, 6556 MWh, 0:00:00.865038)
2026-03-09 20:43:37,436  INFO      [189/366]  2024-07-07  OK  (52 actions, 2065 MWh, 0:00:00.516167)
2026-03-09 20:43:37,852  INFO      [190/366]  2024-07-08  OK  (13 actions, 492 MWh, 0:00:00.416214)
2026-03-09 20:43:38,377  INFO      [191/366]  2024-07-09  OK  (89 actions, 8392 MWh, 0:00:00.525404)
2026-03-09 20:43:39,340  INFO      [192/366]  2024-07-10  OK  (348 actions, 61511 MWh, 0:00:00.962599)
2026-03-09 20:43:40,331  INFO      [193/366]  2024-07-11  OK  (351 actions, 52333 MWh, 0:00:00.988778)
2026-03-09 20:43:40,829  INFO      [194/366]  2024-07-12  OK  (0 actions, 0 MWh, 0:00:00.498243)
2026-03-09 20:43:41,375  INFO      [195/366]  2024-07-13  OK  (98 actions, 8471 MWh, 0:00:00.545397)
2026-03-09 20:43:42,317  INFO      [196/366]  2024-07-14  OK  (331 actions, 30827 MWh, 0:00:00.942349)
2026-03-09 20:43:42,853  INFO      [197/366]  2024-07-15  OK  (93 actions, 5561 MWh, 0:00:00.536247)
2026-03-09 20:43:43,268  INFO      [198/366]  2024-07-16  OK  (12 actions, 421 MWh, 0:00:00.414351)
2026-03-09 20:43:43,741  INFO      [199/366]  2024-07-17  OK  (57 actions, 5178 MWh, 0:00:00.473628)
2026-03-09 20:43:44,728  INFO      [200/366]  2024-07-18  OK  (339 actions, 36118 MWh, 0:00:00.986757)
2026-03-09 20:43:45,546  INFO      [201/366]  2024-07-19  OK  (263 actions, 31140 MWh, 0:00:00.818211)
2026-03-09 20:43:46,092  INFO      [202/366]  2024-07-20  OK  (87 actions, 5509 MWh, 0:00:00.545906)
2026-03-09 20:43:46,822  INFO      [203/366]  2024-07-21  OK  (214 actions, 13825 MWh, 0:00:00.729674)
2026-03-09 20:43:47,279  INFO      [204/366]  2024-07-22  OK  (30 actions, 379 MWh, 0:00:00.457093)
2026-03-09 20:43:47,697  INFO      [205/366]  2024-07-23  OK  (18 actions, 425 MWh, 0:00:00.418455)
2026-03-09 20:43:48,331  INFO      [206/366]  2024-07-24  OK  (153 actions, 20670 MWh, 0:00:00.633904)
2026-03-09 20:43:48,975  INFO      [207/366]  2024-07-25  OK  (114 actions, 8110 MWh, 0:00:00.643706)
2026-03-09 20:43:49,418  INFO      [208/366]  2024-07-26  OK  (41 actions, 2451 MWh, 0:00:00.442677)
2026-03-09 20:43:49,810  INFO      [209/366]  2024-07-27  OK  (6 actions, 210 MWh, 0:00:00.391574)
2026-03-09 20:43:50,252  INFO      [210/366]  2024-07-28  OK  (29 actions, 2999 MWh, 0:00:00.442626)
2026-03-09 20:43:50,780  INFO      [211/366]  2024-07-29  OK  (75 actions, 7062 MWh, 0:00:00.527452)
2026-03-09 20:43:51,454  INFO      [212/366]  2024-07-30  OK  (168 actions, 24753 MWh, 0:00:00.674374)
2026-03-09 20:43:51,970  INFO      [213/366]  2024-07-31  OK  (60 actions, 2024 MWh, 0:00:00.516039)
2026-03-09 20:43:52,445  INFO      [214/366]  2024-08-01  OK  (50 actions, 4414 MWh, 0:00:00.474871)
2026-03-09 20:43:53,224  INFO      [215/366]  2024-08-02  OK  (227 actions, 36910 MWh, 0:00:00.778403)
2026-03-09 20:43:53,640  INFO      [216/366]  2024-08-03  OK  (18 actions, 949 MWh, 0:00:00.416032)
2026-03-09 20:43:54,985  INFO      [217/366]  2024-08-04  OK  (697 actions, 49643 MWh, 0:00:01.345427)
2026-03-09 20:43:56,812  INFO      [218/366]  2024-08-05  OK  (1023 actions, 64716 MWh, 0:00:01.826638)
2026-03-09 20:43:57,478  INFO      [219/366]  2024-08-06  OK  (178 actions, 19635 MWh, 0:00:00.666653)
2026-03-09 20:43:59,430  INFO      [220/366]  2024-08-07  OK  (1140 actions, 139379 MWh, 0:00:01.952128)
2026-03-09 20:44:00,634  INFO      [221/366]  2024-08-08  OK  (452 actions, 52852 MWh, 0:00:01.203132)
2026-03-09 20:44:03,118  INFO      [222/366]  2024-08-09  OK  (1628 actions, 159682 MWh, 0:00:02.484632)
2026-03-09 20:44:05,257  INFO      [223/366]  2024-08-10  OK  (1315 actions, 143866 MWh, 0:00:02.138416)
2026-03-09 20:44:05,891  INFO      [224/366]  2024-08-11  OK  (165 actions, 17612 MWh, 0:00:00.634148)
2026-03-09 20:44:07,835  INFO      [225/366]  2024-08-12  OK  (1107 actions, 85942 MWh, 0:00:01.944304)
2026-03-09 20:44:08,680  INFO      [226/366]  2024-08-13  OK  (301 actions, 44299 MWh, 0:00:00.844889)
2026-03-09 20:44:09,667  INFO      [227/366]  2024-08-14  OK  (367 actions, 50016 MWh, 0:00:00.987369)
2026-03-09 20:44:11,700  INFO      [228/366]  2024-08-15  OK  (1197 actions, 108868 MWh, 0:00:02.032543)
2026-03-09 20:44:13,218  INFO      [229/366]  2024-08-16  OK  (767 actions, 131085 MWh, 0:00:01.515711)
2026-03-09 20:44:14,618  INFO      [230/366]  2024-08-17  OK  (700 actions, 100525 MWh, 0:00:01.386119)
2026-03-09 20:44:16,031  INFO      [231/366]  2024-08-18  OK  (694 actions, 83935 MWh, 0:00:01.413882)
2026-03-09 20:44:17,086  INFO      [232/366]  2024-08-19  OK  (398 actions, 64660 MWh, 0:00:01.054120)
2026-03-09 20:44:19,001  INFO      [233/366]  2024-08-20  OK  (1098 actions, 126224 MWh, 0:00:01.914958)
2026-03-09 20:44:22,333  INFO      [234/366]  2024-08-21  OK  (1966 actions, 213788 MWh, 0:00:03.332691)
2026-03-09 20:44:25,143  INFO      [235/366]  2024-08-22  OK  (1845 actions, 223814 MWh, 0:00:02.809643)
2026-03-09 20:44:26,784  INFO      [236/366]  2024-08-23  OK  (912 actions, 98755 MWh, 0:00:01.641509)
2026-03-09 20:44:29,036  INFO      [237/366]  2024-08-24  OK  (1387 actions, 111672 MWh, 0:00:02.251151)
2026-03-09 20:44:31,608  INFO      [238/366]  2024-08-25  OK  (1666 actions, 135576 MWh, 0:00:02.572708)
2026-03-09 20:44:33,294  INFO      [239/366]  2024-08-26  OK  (740 actions, 45193 MWh, 0:00:01.685744)
2026-03-09 20:44:36,597  INFO      [240/366]  2024-08-27  OK  (1957 actions, 221533 MWh, 0:00:03.303295)
2026-03-09 20:44:38,048  INFO      [241/366]  2024-08-28  OK  (623 actions, 85170 MWh, 0:00:01.450506)
2026-03-09 20:44:39,245  INFO      [242/366]  2024-08-29  OK  (421 actions, 64779 MWh, 0:00:01.197370)
2026-03-09 20:44:40,599  INFO      [243/366]  2024-08-30  OK  (511 actions, 67272 MWh, 0:00:01.353754)
2026-03-09 20:44:41,834  INFO      [244/366]  2024-08-31  OK  (372 actions, 28626 MWh, 0:00:01.234336)
2026-03-09 20:44:43,199  INFO      [245/366]  2024-09-01  OK  (527 actions, 47383 MWh, 0:00:01.365193)
2026-03-09 20:44:43,839  INFO      [246/366]  2024-09-02  OK  (143 actions, 15716 MWh, 0:00:00.639303)
2026-03-09 20:44:44,395  INFO      [247/366]  2024-09-03  OK  (73 actions, 4330 MWh, 0:00:00.556790)
2026-03-09 20:44:44,948  INFO      [248/366]  2024-09-04  OK  (76 actions, 6349 MWh, 0:00:00.552212)
2026-03-09 20:44:45,696  INFO      [249/366]  2024-09-05  OK  (228 actions, 17448 MWh, 0:00:00.748448)
2026-03-09 20:44:46,554  INFO      [250/366]  2024-09-06  OK  (288 actions, 16534 MWh, 0:00:00.858274)
2026-03-09 20:44:46,942  INFO      [251/366]  2024-09-07  OK  (0 actions, 0 MWh, 0:00:00.387408)
2026-03-09 20:44:47,581  INFO      [252/366]  2024-09-08  OK  (150 actions, 11661 MWh, 0:00:00.638998)
2026-03-09 20:44:48,495  INFO      [253/366]  2024-09-09  OK  (295 actions, 31294 MWh, 0:00:00.913968)
2026-03-09 20:44:52,018  INFO      [254/366]  2024-09-10  OK  (2310 actions, 235639 MWh, 0:00:03.521986)
2026-03-09 20:44:53,937  INFO      [255/366]  2024-09-11  OK  (1067 actions, 108995 MWh, 0:00:01.918395)
2026-03-09 20:44:55,189  INFO      [256/366]  2024-09-12  OK  (584 actions, 72142 MWh, 0:00:01.252454)
2026-03-09 20:44:55,795  INFO      [257/366]  2024-09-13  OK  (113 actions, 16126 MWh, 0:00:00.600217)
2026-03-09 20:44:58,401  INFO      [258/366]  2024-09-14  OK  (1702 actions, 240738 MWh, 0:00:02.606505)
2026-03-09 20:44:59,620  INFO      [259/366]  2024-09-15  OK  (549 actions, 57834 MWh, 0:00:01.218424)
2026-03-09 20:45:00,258  INFO      [260/366]  2024-09-16  OK  (127 actions, 7859 MWh, 0:00:00.638380)
2026-03-09 20:45:00,864  INFO      [261/366]  2024-09-17  OK  (111 actions, 8509 MWh, 0:00:00.605376)
2026-03-09 20:45:01,417  INFO      [262/366]  2024-09-18  OK  (96 actions, 6100 MWh, 0:00:00.553622)
2026-03-09 20:45:02,046  INFO      [263/366]  2024-09-19  OK  (140 actions, 8726 MWh, 0:00:00.628339)
2026-03-09 20:45:02,514  INFO      [264/366]  2024-09-20  OK  (51 actions, 1553 MWh, 0:00:00.468800)
2026-03-09 20:45:02,965  INFO      [265/366]  2024-09-21  OK  (7 actions, 68 MWh, 0:00:00.450179)
2026-03-09 20:45:03,387  INFO      [266/366]  2024-09-22  OK  (3 actions, 57 MWh, 0:00:00.405380)
2026-03-09 20:45:03,815  INFO      [267/366]  2024-09-23  OK  (16 actions, 401 MWh, 0:00:00.428454)
2026-03-09 20:45:03,815  WARNING   [268/366]  2024-09-24  SKIP — missing inputs: ['IV_dispatch_changes_by_zone_and_SP_flex.csv']
2026-03-09 20:45:03,815  WARNING   [269/366]  2024-09-25  SKIP — missing inputs: ['IV_dispatch_changes_by_zone_and_SP_flex.csv']
2026-03-09 20:45:03,830  WARNING   [270/366]  2024-09-26  SKIP — missing inputs: ['IV_dispatch_changes_by_zone_and_SP_flex.csv']
2026-03-09 20:45:05,391  INFO      [271/366]  2024-09-27  OK  (779 actions, 106819 MWh, 0:00:01.561499)
2026-03-09 20:45:06,392  INFO      [272/366]  2024-09-28  OK  (400 actions, 23424 MWh, 0:00:01.000798)
2026-03-09 20:45:07,135  INFO      [273/366]  2024-09-29  OK  (231 actions, 19888 MWh, 0:00:00.743239)
2026-03-09 20:45:07,927  INFO      [274/366]  2024-09-30  OK  (231 actions, 17453 MWh, 0:00:00.791809)
2026-03-09 20:45:08,559  INFO      [275/366]  2024-10-01  OK  (115 actions, 13805 MWh, 0:00:00.632089)
2026-03-09 20:45:09,123  INFO      [276/366]  2024-10-02  OK  (90 actions, 2602 MWh, 0:00:00.563524)
2026-03-09 20:45:09,720  INFO      [277/366]  2024-10-03  OK  (106 actions, 13611 MWh, 0:00:00.597532)
2026-03-09 20:45:11,059  INFO      [278/366]  2024-10-04  OK  (496 actions, 76140 MWh, 0:00:01.335351)
2026-03-09 20:45:12,186  INFO      [279/366]  2024-10-05  OK  (368 actions, 51923 MWh, 0:00:01.127024)
2026-03-09 20:45:13,521  INFO      [280/366]  2024-10-06  OK  (567 actions, 48532 MWh, 0:00:01.334555)
2026-03-09 20:45:14,682  INFO      [281/366]  2024-10-07  OK  (381 actions, 35926 MWh, 0:00:01.160971)
2026-03-09 20:45:15,410  INFO      [282/366]  2024-10-08  OK  (196 actions, 33853 MWh, 0:00:00.728307)
2026-03-09 20:45:17,028  INFO      [283/366]  2024-10-09  OK  (812 actions, 157740 MWh, 0:00:01.617910)
2026-03-09 20:45:18,268  INFO      [284/366]  2024-10-10  OK  (283 actions, 43705 MWh, 0:00:01.239867)
2026-03-09 20:45:19,321  INFO      [285/366]  2024-10-11  OK  (402 actions, 72017 MWh, 0:00:01.037697)
2026-03-09 20:45:20,919  INFO      [286/366]  2024-10-12  OK  (822 actions, 98963 MWh, 0:00:01.597990)
2026-03-09 20:45:22,428  INFO      [287/366]  2024-10-13  OK  (783 actions, 46567 MWh, 0:00:01.509187)
2026-03-09 20:45:22,971  INFO      [288/366]  2024-10-14  OK  (83 actions, 10949 MWh, 0:00:00.542463)
2026-03-09 20:45:24,219  INFO      [289/366]  2024-10-15  OK  (376 actions, 64036 MWh, 0:00:01.248339)
2026-03-09 20:45:25,958  INFO      [290/366]  2024-10-16  OK  (809 actions, 101066 MWh, 0:00:01.739267)
2026-03-09 20:45:26,515  INFO      [291/366]  2024-10-17  OK  (80 actions, 8935 MWh, 0:00:00.556743)
2026-03-09 20:45:27,769  INFO      [292/366]  2024-10-18  OK  (548 actions, 98186 MWh, 0:00:01.253947)
2026-03-09 20:45:29,117  INFO      [293/366]  2024-10-19  OK  (482 actions, 47448 MWh, 0:00:01.348121)
2026-03-09 20:45:32,770  INFO      [294/366]  2024-10-20  OK  (2477 actions, 204752 MWh, 0:00:03.650936)
2026-03-09 20:45:35,049  INFO      [295/366]  2024-10-21  OK  (1323 actions, 142058 MWh, 0:00:02.279370)
2026-03-09 20:45:36,971  INFO      [296/366]  2024-10-22  OK  (811 actions, 111212 MWh, 0:00:01.922006)
2026-03-09 20:45:38,584  INFO      [297/366]  2024-10-23  OK  (818 actions, 121160 MWh, 0:00:01.612362)
2026-03-09 20:45:40,885  INFO      [298/366]  2024-10-24  OK  (1332 actions, 150708 MWh, 0:00:02.300759)
2026-03-09 20:45:41,748  INFO      [299/366]  2024-10-25  OK  (271 actions, 21676 MWh, 0:00:00.862790)
2026-03-09 20:45:43,092  INFO      [300/366]  2024-10-26  OK  (615 actions, 84484 MWh, 0:00:01.344581)
2026-03-09 20:45:44,663  INFO      [301/366]  2024-10-27  OK  (767 actions, 79768 MWh, 0:00:01.570672)
2026-03-09 20:45:45,720  INFO      [302/366]  2024-10-28  OK  (446 actions, 25170 MWh, 0:00:01.057177)
2026-03-09 20:45:46,951  INFO      [303/366]  2024-10-29  OK  (549 actions, 60435 MWh, 0:00:01.230600)
2026-03-09 20:45:48,478  INFO      [304/366]  2024-10-30  OK  (784 actions, 83034 MWh, 0:00:01.527496)
2026-03-09 20:45:49,914  INFO      [305/366]  2024-10-31  OK  (670 actions, 105874 MWh, 0:00:01.435821)
2026-03-09 20:45:51,402  INFO      [306/366]  2024-11-01  OK  (539 actions, 64038 MWh, 0:00:01.487822)
2026-03-09 20:45:52,583  INFO      [307/366]  2024-11-02  OK  (343 actions, 45221 MWh, 0:00:01.181214)
2026-03-09 20:45:53,546  INFO      [308/366]  2024-11-03  OK  (361 actions, 32386 MWh, 0:00:00.960965)
2026-03-09 20:45:53,960  INFO      [309/366]  2024-11-04  OK  (14 actions, 100 MWh, 0:00:00.411355)
2026-03-09 20:45:54,380  INFO      [310/366]  2024-11-05  OK  (12 actions, 112 MWh, 0:00:00.408849)
2026-03-09 20:45:55,048  INFO      [311/366]  2024-11-06  OK  (158 actions, 15311 MWh, 0:00:00.668862)
2026-03-09 20:45:56,008  INFO      [312/366]  2024-11-07  OK  (356 actions, 56413 MWh, 0:00:00.959903)
2026-03-09 20:45:57,216  INFO      [313/366]  2024-11-08  OK  (583 actions, 57766 MWh, 0:00:01.207561)
2026-03-09 20:45:58,604  INFO      [314/366]  2024-11-09  OK  (706 actions, 59000 MWh, 0:00:01.388481)
2026-03-09 20:45:59,719  INFO      [315/366]  2024-11-10  OK  (441 actions, 61039 MWh, 0:00:01.114823)
2026-03-09 20:46:00,340  INFO      [316/366]  2024-11-11  OK  (124 actions, 15066 MWh, 0:00:00.620882)
2026-03-09 20:46:00,976  INFO      [317/366]  2024-11-12  OK  (140 actions, 16791 MWh, 0:00:00.635697)
2026-03-09 20:46:01,912  INFO      [318/366]  2024-11-13  OK  (331 actions, 42347 MWh, 0:00:00.936311)
2026-03-09 20:46:02,934  INFO      [319/366]  2024-11-14  OK  (386 actions, 52127 MWh, 0:00:01.021943)
2026-03-09 20:46:04,326  INFO      [320/366]  2024-11-15  OK  (640 actions, 103739 MWh, 0:00:01.392214)
2026-03-09 20:46:06,582  INFO      [321/366]  2024-11-16  OK  (1335 actions, 161037 MWh, 0:00:02.255422)
2026-03-09 20:46:08,264  INFO      [322/366]  2024-11-17  OK  (874 actions, 87407 MWh, 0:00:01.682054)
2026-03-09 20:46:09,774  INFO      [323/366]  2024-11-18  OK  (733 actions, 100908 MWh, 0:00:01.510557)
2026-03-09 20:46:10,960  INFO      [324/366]  2024-11-19  OK  (480 actions, 67932 MWh, 0:00:01.185455)
2026-03-09 20:46:12,064  INFO      [325/366]  2024-11-20  OK  (406 actions, 57614 MWh, 0:00:01.103799)
2026-03-09 20:46:13,195  INFO      [326/366]  2024-11-21  OK  (479 actions, 66368 MWh, 0:00:01.131207)
2026-03-09 20:46:14,076  INFO      [327/366]  2024-11-22  OK  (306 actions, 34003 MWh, 0:00:00.881317)
2026-03-09 20:46:15,861  INFO      [328/366]  2024-11-23  OK  (914 actions, 112427 MWh, 0:00:01.784729)
2026-03-09 20:46:18,764  INFO      [329/366]  2024-11-24  OK  (1840 actions, 204117 MWh, 0:00:02.902793)
2026-03-09 20:46:21,235  INFO      [330/366]  2024-11-25  OK  (1489 actions, 211632 MWh, 0:00:02.471291)
2026-03-09 20:46:23,053  INFO      [331/366]  2024-11-26  OK  (917 actions, 108197 MWh, 0:00:01.816944)
2026-03-09 20:46:23,448  INFO      [332/366]  2024-11-27  OK  (0 actions, 0 MWh, 0:00:00.395422)
2026-03-09 20:46:24,294  INFO      [333/366]  2024-11-28  OK  (323 actions, 37482 MWh, 0:00:00.845436)
2026-03-09 20:46:25,858  INFO      [334/366]  2024-11-29  OK  (772 actions, 93589 MWh, 0:00:01.563841)
2026-03-09 20:46:27,740  INFO      [335/366]  2024-11-30  OK  (1045 actions, 123619 MWh, 0:00:01.880497)
2026-03-09 20:46:29,434  INFO      [336/366]  2024-12-01  OK  (910 actions, 97950 MWh, 0:00:01.693099)
2026-03-09 20:46:30,797  INFO      [337/366]  2024-12-02  OK  (638 actions, 83675 MWh, 0:00:01.347333)
2026-03-09 20:46:32,635  INFO      [338/366]  2024-12-03  OK  (1057 actions, 98839 MWh, 0:00:01.831073)
2026-03-09 20:46:33,499  INFO      [339/366]  2024-12-04  OK  (322 actions, 47154 MWh, 0:00:00.863299)
2026-03-09 20:46:34,815  INFO      [340/366]  2024-12-05  OK  (603 actions, 64464 MWh, 0:00:01.316614)
2026-03-09 20:46:36,401  INFO      [341/366]  2024-12-06  OK  (823 actions, 87096 MWh, 0:00:01.580221)
2026-03-09 20:46:38,769  INFO      [342/366]  2024-12-07  OK  (1343 actions, 182323 MWh, 0:00:02.368513)
2026-03-09 20:46:40,789  INFO      [343/366]  2024-12-08  OK  (1122 actions, 127940 MWh, 0:00:02.019730)
2026-03-09 20:46:42,123  INFO      [344/366]  2024-12-09  OK  (496 actions, 66856 MWh, 0:00:01.334199)
2026-03-09 20:46:42,943  INFO      [345/366]  2024-12-10  OK  (218 actions, 23329 MWh, 0:00:00.817027)
2026-03-09 20:46:43,329  INFO      [346/366]  2024-12-11  OK  (0 actions, 0 MWh, 0:00:00.386553)
2026-03-09 20:46:43,808  INFO      [347/366]  2024-12-12  OK  (31 actions, 439 MWh, 0:00:00.478749)
2026-03-09 20:46:44,211  INFO      [348/366]  2024-12-13  OK  (2 actions, 13 MWh, 0:00:00.403080)
2026-03-09 20:46:45,099  INFO      [349/366]  2024-12-14  OK  (312 actions, 21598 MWh, 0:00:00.886220)
2026-03-09 20:46:48,066  INFO      [350/366]  2024-12-15  OK  (1940 actions, 152521 MWh, 0:00:02.967528)
2026-03-09 20:46:49,602  INFO      [351/366]  2024-12-16  OK  (719 actions, 104969 MWh, 0:00:01.535639)
2026-03-09 20:46:50,745  INFO      [352/366]  2024-12-17  OK  (512 actions, 68054 MWh, 0:00:01.143414)
2026-03-09 20:46:52,944  INFO      [353/366]  2024-12-18  OK  (1235 actions, 158748 MWh, 0:00:02.199033)
2026-03-09 20:46:54,261  INFO      [354/366]  2024-12-19  OK  (565 actions, 89405 MWh, 0:00:01.316075)
2026-03-09 20:46:55,764  INFO      [355/366]  2024-12-20  OK  (735 actions, 108691 MWh, 0:00:01.503066)
2026-03-09 20:46:58,885  INFO      [356/366]  2024-12-21  OK  (2061 actions, 183683 MWh, 0:00:03.121517)
2026-03-09 20:47:01,695  INFO      [357/366]  2024-12-22  OK  (1739 actions, 173127 MWh, 0:00:02.809604)
2026-03-09 20:47:02,758  INFO      [358/366]  2024-12-23  OK  (431 actions, 42405 MWh, 0:00:01.062817)
2026-03-09 20:47:04,438  INFO      [359/366]  2024-12-24  OK  (896 actions, 108992 MWh, 0:00:01.680105)
2026-03-09 20:47:06,247  INFO      [360/366]  2024-12-25  OK  (1008 actions, 124732 MWh, 0:00:01.808261)
2026-03-09 20:47:07,103  INFO      [361/366]  2024-12-26  OK  (302 actions, 17062 MWh, 0:00:00.855626)
2026-03-09 20:47:07,499  INFO      [362/366]  2024-12-27  OK  (0 actions, 0 MWh, 0:00:00.395640)
2026-03-09 20:47:08,519  INFO      [363/366]  2024-12-28  OK  (413 actions, 53478 MWh, 0:00:01.020641)
2026-03-09 20:47:11,520  INFO      [364/366]  2024-12-29  OK  (1882 actions, 243308 MWh, 0:00:03.000658)
2026-03-09 20:47:13,265  INFO      [365/366]  2024-12-30  OK  (880 actions, 85352 MWh, 0:00:01.743630)
2026-03-09 20:47:16,611  INFO      [366/366]  2024-12-31  OK  (2202 actions, 206732 MWh, 0:00:03.346562)
2026-03-09 20:47:16,611  INFO      ======================================================================
2026-03-09 20:47:16,611  INFO      Finished.  Successes: 363  |  Failures: 0  |  Skipped: 3
2026-03-09 20:47:16,611  INFO      Skipped days (missing inputs): ['2024-09-24', '2024-09-25', '2024-09-26']
2026-03-09 20:47:16,618  INFO      ======================================================================
