2026-03-05 10:18:50,886  INFO      Retrying 17 missing days
2026-03-05 10:18:50,886  INFO      ======================================================================
2026-03-05 10:18:50,886  INFO      [1/17]  Running 2024-04-01  ...
2026-03-05 10:18:57,408  ERROR     [1/17]  2024-04-01  ✗  FAILED (exit 1, 0:00:06.522141)
2026-03-05 10:18:57,412  INFO      [2/17]  Running 2024-07-16  ...
2026-03-05 10:19:00,332  ERROR     [2/17]  2024-07-16  ✗  FAILED (exit 1, 0:00:02.919537)
2026-03-05 10:19:00,332  INFO      [3/17]  Running 2024-09-03  ...
2026-03-05 10:19:03,166  ERROR     [3/17]  2024-09-03  ✗  FAILED (exit 1, 0:00:02.834326)
2026-03-05 10:19:03,175  INFO      [4/17]  Running 2024-09-07  ...
2026-03-05 10:19:06,119  ERROR     [4/17]  2024-09-07  ✗  FAILED (exit 1, 0:00:02.943877)
2026-03-05 10:19:06,119  INFO      [5/17]  Running 2024-09-15  ...
2026-03-05 10:20:28,911  INFO      Retrying 17 missing days
2026-03-05 10:20:28,911  INFO      ======================================================================
2026-03-05 10:20:28,911  INFO      [1/17]  Running 2024-04-01  ...
2026-03-05 10:23:29,175  INFO      [1/17]  2024-04-01  ✓  OK  (0:03:00.264182)
2026-03-05 10:23:29,175  INFO      [2/17]  Running 2024-07-16  ...
2026-03-05 10:27:26,489  INFO      [2/17]  2024-07-16  ✓  OK  (0:03:57.301941)
2026-03-05 10:27:26,494  INFO      [3/17]  Running 2024-09-03  ...
2026-03-05 10:31:37,950  INFO      [3/17]  2024-09-03  ✓  OK  (0:04:11.449153)
2026-03-05 10:31:37,950  INFO      [4/17]  Running 2024-09-07  ...
2026-03-05 10:36:03,289  INFO      [4/17]  2024-09-07  ✓  OK  (0:04:25.337649)
2026-03-05 10:36:03,294  INFO      [5/17]  Running 2024-09-15  ...
2026-03-05 10:40:45,934  INFO      [5/17]  2024-09-15  ✓  OK  (0:04:42.629839)
2026-03-05 10:40:45,936  INFO      [6/17]  Running 2024-09-16  ...
2026-03-05 10:44:44,391  INFO      [6/17]  2024-09-16  ✓  OK  (0:03:58.452934)
2026-03-05 10:44:44,392  INFO      [7/17]  Running 2024-09-17  ...
2026-03-05 10:48:55,949  INFO      [7/17]  2024-09-17  ✓  OK  (0:04:11.548892)
2026-03-05 10:48:55,951  INFO      [8/17]  Running 2024-09-18  ...
2026-03-05 10:53:22,000  INFO      [8/17]  2024-09-18  ✓  OK  (0:04:26.047812)
2026-03-05 10:53:22,002  INFO      [9/17]  Running 2024-09-19  ...
2026-03-05 10:58:03,056  INFO      [9/17]  2024-09-19  ✓  OK  (0:04:41.049381)
2026-03-05 10:58:03,060  INFO      [10/17]  Running 2024-09-24  ...
2026-03-05 10:58:21,524  ERROR     [10/17]  2024-09-24  ✗  FAILED (exit 1, 0:00:18.464305)
2026-03-05 10:58:21,524  INFO      [11/17]  Running 2024-09-25  ...
2026-03-05 10:58:39,080  ERROR     [11/17]  2024-09-25  ✗  FAILED (exit 1, 0:00:17.555428)
2026-03-05 10:58:39,081  INFO      [12/17]  Running 2024-09-26  ...
2026-03-05 10:58:54,913  ERROR     [12/17]  2024-09-26  ✗  FAILED (exit 1, 0:00:15.830908)
2026-03-05 10:58:54,913  INFO      [13/17]  Running 2024-09-30  ...
2026-03-05 11:03:48,380  INFO      [13/17]  2024-09-30  ✓  OK  (0:04:53.458939)
2026-03-05 11:03:48,381  INFO      [14/17]  Running 2024-11-05  ...
2026-03-05 11:08:25,505  INFO      [14/17]  2024-11-05  ✓  OK  (0:04:37.121766)
2026-03-05 11:08:25,505  INFO      [15/17]  Running 2024-12-02  ...
2026-03-05 11:13:22,498  INFO      [15/17]  2024-12-02  ✓  OK  (0:04:56.991181)
2026-03-05 11:13:22,500  INFO      [16/17]  Running 2024-12-06  ...
2026-03-05 11:18:31,440  INFO      [16/17]  2024-12-06  ✓  OK  (0:05:08.936798)
2026-03-05 11:18:31,442  INFO      [17/17]  Running 2024-12-31  ...
2026-03-05 11:24:23,014  INFO      [17/17]  2024-12-31  ✓  OK  (0:05:51.571888)
2026-03-05 11:24:23,014  INFO      ======================================================================
2026-03-05 11:24:23,014  INFO      Done.  14 succeeded,  3 failed.
2026-03-05 11:24:23,014  ERROR     Still failing: ['2024-09-24', '2024-09-25', '2024-09-26']
2026-03-05 15:51:10,167  INFO      Retrying 3 missing days
2026-03-05 15:51:10,167  INFO      ======================================================================
2026-03-05 15:51:10,167  INFO      [1/3]  Running 2024-09-24  ...
2026-03-05 15:51:36,229  ERROR     [1/3]  2024-09-24  ✗  FAILED (exit 1, 0:00:26.057764)
2026-03-05 15:51:36,233  INFO      [2/3]  Running 2024-09-25  ...
2026-03-05 15:51:54,501  ERROR     [2/3]  2024-09-25  ✗  FAILED (exit 1, 0:00:18.268636)
2026-03-05 15:51:54,501  INFO      [3/3]  Running 2024-09-26  ...
2026-03-05 15:52:09,055  ERROR     [3/3]  2024-09-26  ✗  FAILED (exit 1, 0:00:14.554132)
2026-03-05 15:52:09,061  INFO      ======================================================================
2026-03-05 15:52:09,061  INFO      Done.  0 succeeded,  3 failed.
2026-03-05 15:52:09,061  ERROR     Still failing: ['2024-09-24', '2024-09-25', '2024-09-26']
